The system is: Linux - 3.19.0-10-generic - x86_64
Compiling the C compiler identification source file "CMakeCCompilerId.c" succeeded.
Compiler: /usr/bin/cc 
Build flags: 
Id flags: 

The output was:
0


Compilation of the C compiler identification source "CMakeCCompilerId.c" produced "a.out"

The C compiler identification is GNU, found in "/media/pjakubow/Data/Documents/Automatyka i Robotyka/II stopien/Semestr I/Optimization Theory/NSGA/libraries/mathgl-2.3.2/CMakeFiles/3.0.2/CompilerIdC/a.out"

Compiling the CXX compiler identification source file "CMakeCXXCompilerId.cpp" succeeded.
Compiler: /usr/bin/c++ 
Build flags: 
Id flags: 

The output was:
0


Compilation of the CXX compiler identification source "CMakeCXXCompilerId.cpp" produced "a.out"

The CXX compiler identification is GNU, found in "/media/pjakubow/Data/Documents/Automatyka i Robotyka/II stopien/Semestr I/Optimization Theory/NSGA/libraries/mathgl-2.3.2/CMakeFiles/3.0.2/CompilerIdCXX/a.out"

Determining if the C compiler works passed with the following output:
Change Dir: /media/pjakubow/Data/Documents/Automatyka i Robotyka/II stopien/Semestr I/Optimization Theory/NSGA/libraries/mathgl-2.3.2/CMakeFiles/CMakeTmp

Run Build Command:"/usr/bin/make" "cmTryCompileExec1980514458/fast"
/usr/bin/make -f CMakeFiles/cmTryCompileExec1980514458.dir/build.make CMakeFiles/cmTryCompileExec1980514458.dir/build
make[1]: Entering directory '/media/pjakubow/Data/Documents/Automatyka i Robotyka/II stopien/Semestr I/Optimization Theory/NSGA/libraries/mathgl-2.3.2/CMakeFiles/CMakeTmp'
/usr/bin/cmake -E cmake_progress_report "/media/pjakubow/Data/Documents/Automatyka i Robotyka/II stopien/Semestr I/Optimization Theory/NSGA/libraries/mathgl-2.3.2/CMakeFiles/CMakeTmp/CMakeFiles" 1
Building C object CMakeFiles/cmTryCompileExec1980514458.dir/testCCompiler.c.o
/usr/bin/cc    -o CMakeFiles/cmTryCompileExec1980514458.dir/testCCompiler.c.o   -c "/media/pjakubow/Data/Documents/Automatyka i Robotyka/II stopien/Semestr I/Optimization Theory/NSGA/libraries/mathgl-2.3.2/CMakeFiles/CMakeTmp/testCCompiler.c"
Linking C executable cmTryCompileExec1980514458
/usr/bin/cmake -E cmake_link_script CMakeFiles/cmTryCompileExec1980514458.dir/link.txt --verbose=1
/usr/bin/cc       CMakeFiles/cmTryCompileExec1980514458.dir/testCCompiler.c.o  -o cmTryCompileExec1980514458 -rdynamic 
make[1]: Leaving directory '/media/pjakubow/Data/Documents/Automatyka i Robotyka/II stopien/Semestr I/Optimization Theory/NSGA/libraries/mathgl-2.3.2/CMakeFiles/CMakeTmp'


Detecting C compiler ABI info compiled with the following output:
Change Dir: /media/pjakubow/Data/Documents/Automatyka i Robotyka/II stopien/Semestr I/Optimization Theory/NSGA/libraries/mathgl-2.3.2/CMakeFiles/CMakeTmp

Run Build Command:"/usr/bin/make" "cmTryCompileExec3671993089/fast"
/usr/bin/make -f CMakeFiles/cmTryCompileExec3671993089.dir/build.make CMakeFiles/cmTryCompileExec3671993089.dir/build
make[1]: Entering directory '/media/pjakubow/Data/Documents/Automatyka i Robotyka/II stopien/Semestr I/Optimization Theory/NSGA/libraries/mathgl-2.3.2/CMakeFiles/CMakeTmp'
/usr/bin/cmake -E cmake_progress_report "/media/pjakubow/Data/Documents/Automatyka i Robotyka/II stopien/Semestr I/Optimization Theory/NSGA/libraries/mathgl-2.3.2/CMakeFiles/CMakeTmp/CMakeFiles" 1
Building C object CMakeFiles/cmTryCompileExec3671993089.dir/CMakeCCompilerABI.c.o
/usr/bin/cc    -o CMakeFiles/cmTryCompileExec3671993089.dir/CMakeCCompilerABI.c.o   -c /usr/share/cmake-3.0/Modules/CMakeCCompilerABI.c
Linking C executable cmTryCompileExec3671993089
/usr/bin/cmake -E cmake_link_script CMakeFiles/cmTryCompileExec3671993089.dir/link.txt --verbose=1
/usr/bin/cc     -v CMakeFiles/cmTryCompileExec3671993089.dir/CMakeCCompilerABI.c.o  -o cmTryCompileExec3671993089 -rdynamic  
Using built-in specs.
COLLECT_GCC=/usr/bin/cc
COLLECT_LTO_WRAPPER=/usr/lib/gcc/x86_64-linux-gnu/4.9/lto-wrapper
Target: x86_64-linux-gnu
Configured with: ../src/configure -v --with-pkgversion='Ubuntu 4.9.2-10ubuntu12' --with-bugurl=file:///usr/share/doc/gcc-4.9/README.Bugs --enable-languages=c,c++,java,go,d,fortran,objc,obj-c++ --prefix=/usr --program-suffix=-4.9 --enable-shared --enable-linker-build-id --libexecdir=/usr/lib --without-included-gettext --enable-threads=posix --with-gxx-include-dir=/usr/include/c++/4.9 --libdir=/usr/lib --enable-nls --with-sysroot=/ --enable-clocale=gnu --enable-libstdcxx-debug --enable-libstdcxx-time=yes --enable-gnu-unique-object --disable-vtable-verify --enable-plugin --with-system-zlib --disable-browser-plugin --enable-java-awt=gtk --enable-gtk-cairo --with-java-home=/usr/lib/jvm/java-1.5.0-gcj-4.9-amd64/jre --enable-java-home --with-jvm-root-dir=/usr/lib/jvm/java-1.5.0-gcj-4.9-amd64 --with-jvm-jar-dir=/usr/lib/jvm-exports/java-1.5.0-gcj-4.9-amd64 --with-arch-directory=amd64 --with-ecj-jar=/usr/share/java/eclipse-ecj.jar --enable-objc-gc --enable-multiarch --disable-werror --with-arch-32=i686 --with-abi=m64 --with-multilib-list=m32,m64,mx32 --enable-multilib --with-tune=generic --enable-checking=release --build=x86_64-linux-gnu --host=x86_64-linux-gnu --target=x86_64-linux-gnu
Thread model: posix
gcc version 4.9.2 (Ubuntu 4.9.2-10ubuntu12) 
COMPILER_PATH=/usr/lib/gcc/x86_64-linux-gnu/4.9/:/usr/lib/gcc/x86_64-linux-gnu/4.9/:/usr/lib/gcc/x86_64-linux-gnu/:/usr/lib/gcc/x86_64-linux-gnu/4.9/:/usr/lib/gcc/x86_64-linux-gnu/
LIBRARY_PATH=/usr/lib/gcc/x86_64-linux-gnu/4.9/:/usr/lib/gcc/x86_64-linux-gnu/4.9/../../../x86_64-linux-gnu/:/usr/lib/gcc/x86_64-linux-gnu/4.9/../../../../lib/:/lib/x86_64-linux-gnu/:/lib/../lib/:/usr/lib/x86_64-linux-gnu/:/usr/lib/../lib/:/usr/lib/gcc/x86_64-linux-gnu/4.9/../../../:/lib/:/usr/lib/
COLLECT_GCC_OPTIONS='-v' '-o' 'cmTryCompileExec3671993089' '-rdynamic' '-mtune=generic' '-march=x86-64'
 /usr/lib/gcc/x86_64-linux-gnu/4.9/collect2 -plugin /usr/lib/gcc/x86_64-linux-gnu/4.9/liblto_plugin.so -plugin-opt=/usr/lib/gcc/x86_64-linux-gnu/4.9/lto-wrapper -plugin-opt=-fresolution=/tmp/ccZ7dQI4.res -plugin-opt=-pass-through=-lgcc -plugin-opt=-pass-through=-lgcc_s -plugin-opt=-pass-through=-lc -plugin-opt=-pass-through=-lgcc -plugin-opt=-pass-through=-lgcc_s --sysroot=/ --build-id --eh-frame-hdr -m elf_x86_64 --hash-style=gnu --as-needed -export-dynamic -dynamic-linker /lib64/ld-linux-x86-64.so.2 -z relro -o cmTryCompileExec3671993089 /usr/lib/gcc/x86_64-linux-gnu/4.9/../../../x86_64-linux-gnu/crt1.o /usr/lib/gcc/x86_64-linux-gnu/4.9/../../../x86_64-linux-gnu/crti.o /usr/lib/gcc/x86_64-linux-gnu/4.9/crtbegin.o -L/usr/lib/gcc/x86_64-linux-gnu/4.9 -L/usr/lib/gcc/x86_64-linux-gnu/4.9/../../../x86_64-linux-gnu -L/usr/lib/gcc/x86_64-linux-gnu/4.9/../../../../lib -L/lib/x86_64-linux-gnu -L/lib/../lib -L/usr/lib/x86_64-linux-gnu -L/usr/lib/../lib -L/usr/lib/gcc/x86_64-linux-gnu/4.9/../../.. CMakeFiles/cmTryCompileExec3671993089.dir/CMakeCCompilerABI.c.o -lgcc --as-needed -lgcc_s --no-as-needed -lc -lgcc --as-needed -lgcc_s --no-as-needed /usr/lib/gcc/x86_64-linux-gnu/4.9/crtend.o /usr/lib/gcc/x86_64-linux-gnu/4.9/../../../x86_64-linux-gnu/crtn.o
make[1]: Leaving directory '/media/pjakubow/Data/Documents/Automatyka i Robotyka/II stopien/Semestr I/Optimization Theory/NSGA/libraries/mathgl-2.3.2/CMakeFiles/CMakeTmp'


Parsed C implicit link information from above output:
  link line regex: [^( *|.*[/\])(ld|([^/\]+-)?ld|collect2)[^/\]*( |$)]
  ignore line: [Change Dir: /media/pjakubow/Data/Documents/Automatyka i Robotyka/II stopien/Semestr I/Optimization Theory/NSGA/libraries/mathgl-2.3.2/CMakeFiles/CMakeTmp]
  ignore line: []
  ignore line: [Run Build Command:"/usr/bin/make" "cmTryCompileExec3671993089/fast"]
  ignore line: [/usr/bin/make -f CMakeFiles/cmTryCompileExec3671993089.dir/build.make CMakeFiles/cmTryCompileExec3671993089.dir/build]
  ignore line: [make[1]: Entering directory '/media/pjakubow/Data/Documents/Automatyka i Robotyka/II stopien/Semestr I/Optimization Theory/NSGA/libraries/mathgl-2.3.2/CMakeFiles/CMakeTmp']
  ignore line: [/usr/bin/cmake -E cmake_progress_report "/media/pjakubow/Data/Documents/Automatyka i Robotyka/II stopien/Semestr I/Optimization Theory/NSGA/libraries/mathgl-2.3.2/CMakeFiles/CMakeTmp/CMakeFiles" 1]
  ignore line: [Building C object CMakeFiles/cmTryCompileExec3671993089.dir/CMakeCCompilerABI.c.o]
  ignore line: [/usr/bin/cc    -o CMakeFiles/cmTryCompileExec3671993089.dir/CMakeCCompilerABI.c.o   -c /usr/share/cmake-3.0/Modules/CMakeCCompilerABI.c]
  ignore line: [Linking C executable cmTryCompileExec3671993089]
  ignore line: [/usr/bin/cmake -E cmake_link_script CMakeFiles/cmTryCompileExec3671993089.dir/link.txt --verbose=1]
  ignore line: [/usr/bin/cc     -v CMakeFiles/cmTryCompileExec3671993089.dir/CMakeCCompilerABI.c.o  -o cmTryCompileExec3671993089 -rdynamic  ]
  ignore line: [Using built-in specs.]
  ignore line: [COLLECT_GCC=/usr/bin/cc]
  ignore line: [COLLECT_LTO_WRAPPER=/usr/lib/gcc/x86_64-linux-gnu/4.9/lto-wrapper]
  ignore line: [Target: x86_64-linux-gnu]
  ignore line: [Configured with: ../src/configure -v --with-pkgversion='Ubuntu 4.9.2-10ubuntu12' --with-bugurl=file:///usr/share/doc/gcc-4.9/README.Bugs --enable-languages=c,c++,java,go,d,fortran,objc,obj-c++ --prefix=/usr --program-suffix=-4.9 --enable-shared --enable-linker-build-id --libexecdir=/usr/lib --without-included-gettext --enable-threads=posix --with-gxx-include-dir=/usr/include/c++/4.9 --libdir=/usr/lib --enable-nls --with-sysroot=/ --enable-clocale=gnu --enable-libstdcxx-debug --enable-libstdcxx-time=yes --enable-gnu-unique-object --disable-vtable-verify --enable-plugin --with-system-zlib --disable-browser-plugin --enable-java-awt=gtk --enable-gtk-cairo --with-java-home=/usr/lib/jvm/java-1.5.0-gcj-4.9-amd64/jre --enable-java-home --with-jvm-root-dir=/usr/lib/jvm/java-1.5.0-gcj-4.9-amd64 --with-jvm-jar-dir=/usr/lib/jvm-exports/java-1.5.0-gcj-4.9-amd64 --with-arch-directory=amd64 --with-ecj-jar=/usr/share/java/eclipse-ecj.jar --enable-objc-gc --enable-multiarch --disable-werror --with-arch-32=i686 --with-abi=m64 --with-multilib-list=m32,m64,mx32 --enable-multilib --with-tune=generic --enable-checking=release --build=x86_64-linux-gnu --host=x86_64-linux-gnu --target=x86_64-linux-gnu]
  ignore line: [Thread model: posix]
  ignore line: [gcc version 4.9.2 (Ubuntu 4.9.2-10ubuntu12) ]
  ignore line: [COMPILER_PATH=/usr/lib/gcc/x86_64-linux-gnu/4.9/:/usr/lib/gcc/x86_64-linux-gnu/4.9/:/usr/lib/gcc/x86_64-linux-gnu/:/usr/lib/gcc/x86_64-linux-gnu/4.9/:/usr/lib/gcc/x86_64-linux-gnu/]
  ignore line: [LIBRARY_PATH=/usr/lib/gcc/x86_64-linux-gnu/4.9/:/usr/lib/gcc/x86_64-linux-gnu/4.9/../../../x86_64-linux-gnu/:/usr/lib/gcc/x86_64-linux-gnu/4.9/../../../../lib/:/lib/x86_64-linux-gnu/:/lib/../lib/:/usr/lib/x86_64-linux-gnu/:/usr/lib/../lib/:/usr/lib/gcc/x86_64-linux-gnu/4.9/../../../:/lib/:/usr/lib/]
  ignore line: [COLLECT_GCC_OPTIONS='-v' '-o' 'cmTryCompileExec3671993089' '-rdynamic' '-mtune=generic' '-march=x86-64']
  link line: [ /usr/lib/gcc/x86_64-linux-gnu/4.9/collect2 -plugin /usr/lib/gcc/x86_64-linux-gnu/4.9/liblto_plugin.so -plugin-opt=/usr/lib/gcc/x86_64-linux-gnu/4.9/lto-wrapper -plugin-opt=-fresolution=/tmp/ccZ7dQI4.res -plugin-opt=-pass-through=-lgcc -plugin-opt=-pass-through=-lgcc_s -plugin-opt=-pass-through=-lc -plugin-opt=-pass-through=-lgcc -plugin-opt=-pass-through=-lgcc_s --sysroot=/ --build-id --eh-frame-hdr -m elf_x86_64 --hash-style=gnu --as-needed -export-dynamic -dynamic-linker /lib64/ld-linux-x86-64.so.2 -z relro -o cmTryCompileExec3671993089 /usr/lib/gcc/x86_64-linux-gnu/4.9/../../../x86_64-linux-gnu/crt1.o /usr/lib/gcc/x86_64-linux-gnu/4.9/../../../x86_64-linux-gnu/crti.o /usr/lib/gcc/x86_64-linux-gnu/4.9/crtbegin.o -L/usr/lib/gcc/x86_64-linux-gnu/4.9 -L/usr/lib/gcc/x86_64-linux-gnu/4.9/../../../x86_64-linux-gnu -L/usr/lib/gcc/x86_64-linux-gnu/4.9/../../../../lib -L/lib/x86_64-linux-gnu -L/lib/../lib -L/usr/lib/x86_64-linux-gnu -L/usr/lib/../lib -L/usr/lib/gcc/x86_64-linux-gnu/4.9/../../.. CMakeFiles/cmTryCompileExec3671993089.dir/CMakeCCompilerABI.c.o -lgcc --as-needed -lgcc_s --no-as-needed -lc -lgcc --as-needed -lgcc_s --no-as-needed /usr/lib/gcc/x86_64-linux-gnu/4.9/crtend.o /usr/lib/gcc/x86_64-linux-gnu/4.9/../../../x86_64-linux-gnu/crtn.o]
    arg [/usr/lib/gcc/x86_64-linux-gnu/4.9/collect2] ==> ignore
    arg [-plugin] ==> ignore
    arg [/usr/lib/gcc/x86_64-linux-gnu/4.9/liblto_plugin.so] ==> ignore
    arg [-plugin-opt=/usr/lib/gcc/x86_64-linux-gnu/4.9/lto-wrapper] ==> ignore
    arg [-plugin-opt=-fresolution=/tmp/ccZ7dQI4.res] ==> ignore
    arg [-plugin-opt=-pass-through=-lgcc] ==> ignore
    arg [-plugin-opt=-pass-through=-lgcc_s] ==> ignore
    arg [-plugin-opt=-pass-through=-lc] ==> ignore
    arg [-plugin-opt=-pass-through=-lgcc] ==> ignore
    arg [-plugin-opt=-pass-through=-lgcc_s] ==> ignore
    arg [--sysroot=/] ==> ignore
    arg [--build-id] ==> ignore
    arg [--eh-frame-hdr] ==> ignore
    arg [-m] ==> ignore
    arg [elf_x86_64] ==> ignore
    arg [--hash-style=gnu] ==> ignore
    arg [--as-needed] ==> ignore
    arg [-export-dynamic] ==> ignore
    arg [-dynamic-linker] ==> ignore
    arg [/lib64/ld-linux-x86-64.so.2] ==> ignore
    arg [-zrelro] ==> ignore
    arg [-o] ==> ignore
    arg [cmTryCompileExec3671993089] ==> ignore
    arg [/usr/lib/gcc/x86_64-linux-gnu/4.9/../../../x86_64-linux-gnu/crt1.o] ==> ignore
    arg [/usr/lib/gcc/x86_64-linux-gnu/4.9/../../../x86_64-linux-gnu/crti.o] ==> ignore
    arg [/usr/lib/gcc/x86_64-linux-gnu/4.9/crtbegin.o] ==> ignore
    arg [-L/usr/lib/gcc/x86_64-linux-gnu/4.9] ==> dir [/usr/lib/gcc/x86_64-linux-gnu/4.9]
    arg [-L/usr/lib/gcc/x86_64-linux-gnu/4.9/../../../x86_64-linux-gnu] ==> dir [/usr/lib/gcc/x86_64-linux-gnu/4.9/../../../x86_64-linux-gnu]
    arg [-L/usr/lib/gcc/x86_64-linux-gnu/4.9/../../../../lib] ==> dir [/usr/lib/gcc/x86_64-linux-gnu/4.9/../../../../lib]
    arg [-L/lib/x86_64-linux-gnu] ==> dir [/lib/x86_64-linux-gnu]
    arg [-L/lib/../lib] ==> dir [/lib/../lib]
    arg [-L/usr/lib/x86_64-linux-gnu] ==> dir [/usr/lib/x86_64-linux-gnu]
    arg [-L/usr/lib/../lib] ==> dir [/usr/lib/../lib]
    arg [-L/usr/lib/gcc/x86_64-linux-gnu/4.9/../../..] ==> dir [/usr/lib/gcc/x86_64-linux-gnu/4.9/../../..]
    arg [CMakeFiles/cmTryCompileExec3671993089.dir/CMakeCCompilerABI.c.o] ==> ignore
    arg [-lgcc] ==> lib [gcc]
    arg [--as-needed] ==> ignore
    arg [-lgcc_s] ==> lib [gcc_s]
    arg [--no-as-needed] ==> ignore
    arg [-lc] ==> lib [c]
    arg [-lgcc] ==> lib [gcc]
    arg [--as-needed] ==> ignore
    arg [-lgcc_s] ==> lib [gcc_s]
    arg [--no-as-needed] ==> ignore
    arg [/usr/lib/gcc/x86_64-linux-gnu/4.9/crtend.o] ==> ignore
    arg [/usr/lib/gcc/x86_64-linux-gnu/4.9/../../../x86_64-linux-gnu/crtn.o] ==> ignore
  remove lib [gcc]
  remove lib [gcc_s]
  remove lib [gcc]
  remove lib [gcc_s]
  collapse library dir [/usr/lib/gcc/x86_64-linux-gnu/4.9] ==> [/usr/lib/gcc/x86_64-linux-gnu/4.9]
  collapse library dir [/usr/lib/gcc/x86_64-linux-gnu/4.9/../../../x86_64-linux-gnu] ==> [/usr/lib/x86_64-linux-gnu]
  collapse library dir [/usr/lib/gcc/x86_64-linux-gnu/4.9/../../../../lib] ==> [/usr/lib]
  collapse library dir [/lib/x86_64-linux-gnu] ==> [/lib/x86_64-linux-gnu]
  collapse library dir [/lib/../lib] ==> [/lib]
  collapse library dir [/usr/lib/x86_64-linux-gnu] ==> [/usr/lib/x86_64-linux-gnu]
  collapse library dir [/usr/lib/../lib] ==> [/usr/lib]
  collapse library dir [/usr/lib/gcc/x86_64-linux-gnu/4.9/../../..] ==> [/usr/lib]
  implicit libs: [c]
  implicit dirs: [/usr/lib/gcc/x86_64-linux-gnu/4.9;/usr/lib/x86_64-linux-gnu;/usr/lib;/lib/x86_64-linux-gnu;/lib]
  implicit fwks: []


Determining if the CXX compiler works passed with the following output:
Change Dir: /media/pjakubow/Data/Documents/Automatyka i Robotyka/II stopien/Semestr I/Optimization Theory/NSGA/libraries/mathgl-2.3.2/CMakeFiles/CMakeTmp

Run Build Command:"/usr/bin/make" "cmTryCompileExec2619105118/fast"
/usr/bin/make -f CMakeFiles/cmTryCompileExec2619105118.dir/build.make CMakeFiles/cmTryCompileExec2619105118.dir/build
make[1]: Entering directory '/media/pjakubow/Data/Documents/Automatyka i Robotyka/II stopien/Semestr I/Optimization Theory/NSGA/libraries/mathgl-2.3.2/CMakeFiles/CMakeTmp'
/usr/bin/cmake -E cmake_progress_report "/media/pjakubow/Data/Documents/Automatyka i Robotyka/II stopien/Semestr I/Optimization Theory/NSGA/libraries/mathgl-2.3.2/CMakeFiles/CMakeTmp/CMakeFiles" 1
Building CXX object CMakeFiles/cmTryCompileExec2619105118.dir/testCXXCompiler.cxx.o
/usr/bin/c++     -o CMakeFiles/cmTryCompileExec2619105118.dir/testCXXCompiler.cxx.o -c "/media/pjakubow/Data/Documents/Automatyka i Robotyka/II stopien/Semestr I/Optimization Theory/NSGA/libraries/mathgl-2.3.2/CMakeFiles/CMakeTmp/testCXXCompiler.cxx"
Linking CXX executable cmTryCompileExec2619105118
/usr/bin/cmake -E cmake_link_script CMakeFiles/cmTryCompileExec2619105118.dir/link.txt --verbose=1
/usr/bin/c++        CMakeFiles/cmTryCompileExec2619105118.dir/testCXXCompiler.cxx.o  -o cmTryCompileExec2619105118 -rdynamic 
make[1]: Leaving directory '/media/pjakubow/Data/Documents/Automatyka i Robotyka/II stopien/Semestr I/Optimization Theory/NSGA/libraries/mathgl-2.3.2/CMakeFiles/CMakeTmp'


Detecting CXX compiler ABI info compiled with the following output:
Change Dir: /media/pjakubow/Data/Documents/Automatyka i Robotyka/II stopien/Semestr I/Optimization Theory/NSGA/libraries/mathgl-2.3.2/CMakeFiles/CMakeTmp

Run Build Command:"/usr/bin/make" "cmTryCompileExec2015678158/fast"
/usr/bin/make -f CMakeFiles/cmTryCompileExec2015678158.dir/build.make CMakeFiles/cmTryCompileExec2015678158.dir/build
make[1]: Entering directory '/media/pjakubow/Data/Documents/Automatyka i Robotyka/II stopien/Semestr I/Optimization Theory/NSGA/libraries/mathgl-2.3.2/CMakeFiles/CMakeTmp'
/usr/bin/cmake -E cmake_progress_report "/media/pjakubow/Data/Documents/Automatyka i Robotyka/II stopien/Semestr I/Optimization Theory/NSGA/libraries/mathgl-2.3.2/CMakeFiles/CMakeTmp/CMakeFiles" 1
Building CXX object CMakeFiles/cmTryCompileExec2015678158.dir/CMakeCXXCompilerABI.cpp.o
/usr/bin/c++     -o CMakeFiles/cmTryCompileExec2015678158.dir/CMakeCXXCompilerABI.cpp.o -c /usr/share/cmake-3.0/Modules/CMakeCXXCompilerABI.cpp
Linking CXX executable cmTryCompileExec2015678158
/usr/bin/cmake -E cmake_link_script CMakeFiles/cmTryCompileExec2015678158.dir/link.txt --verbose=1
/usr/bin/c++      -v CMakeFiles/cmTryCompileExec2015678158.dir/CMakeCXXCompilerABI.cpp.o  -o cmTryCompileExec2015678158 -rdynamic  
Using built-in specs.
COLLECT_GCC=/usr/bin/c++
COLLECT_LTO_WRAPPER=/usr/lib/gcc/x86_64-linux-gnu/4.9/lto-wrapper
Target: x86_64-linux-gnu
Configured with: ../src/configure -v --with-pkgversion='Ubuntu 4.9.2-10ubuntu12' --with-bugurl=file:///usr/share/doc/gcc-4.9/README.Bugs --enable-languages=c,c++,java,go,d,fortran,objc,obj-c++ --prefix=/usr --program-suffix=-4.9 --enable-shared --enable-linker-build-id --libexecdir=/usr/lib --without-included-gettext --enable-threads=posix --with-gxx-include-dir=/usr/include/c++/4.9 --libdir=/usr/lib --enable-nls --with-sysroot=/ --enable-clocale=gnu --enable-libstdcxx-debug --enable-libstdcxx-time=yes --enable-gnu-unique-object --disable-vtable-verify --enable-plugin --with-system-zlib --disable-browser-plugin --enable-java-awt=gtk --enable-gtk-cairo --with-java-home=/usr/lib/jvm/java-1.5.0-gcj-4.9-amd64/jre --enable-java-home --with-jvm-root-dir=/usr/lib/jvm/java-1.5.0-gcj-4.9-amd64 --with-jvm-jar-dir=/usr/lib/jvm-exports/java-1.5.0-gcj-4.9-amd64 --with-arch-directory=amd64 --with-ecj-jar=/usr/share/java/eclipse-ecj.jar --enable-objc-gc --enable-multiarch --disable-werror --with-arch-32=i686 --with-abi=m64 --with-multilib-list=m32,m64,mx32 --enable-multilib --with-tune=generic --enable-checking=release --build=x86_64-linux-gnu --host=x86_64-linux-gnu --target=x86_64-linux-gnu
Thread model: posix
gcc version 4.9.2 (Ubuntu 4.9.2-10ubuntu12) 
COMPILER_PATH=/usr/lib/gcc/x86_64-linux-gnu/4.9/:/usr/lib/gcc/x86_64-linux-gnu/4.9/:/usr/lib/gcc/x86_64-linux-gnu/:/usr/lib/gcc/x86_64-linux-gnu/4.9/:/usr/lib/gcc/x86_64-linux-gnu/
LIBRARY_PATH=/usr/lib/gcc/x86_64-linux-gnu/4.9/:/usr/lib/gcc/x86_64-linux-gnu/4.9/../../../x86_64-linux-gnu/:/usr/lib/gcc/x86_64-linux-gnu/4.9/../../../../lib/:/lib/x86_64-linux-gnu/:/lib/../lib/:/usr/lib/x86_64-linux-gnu/:/usr/lib/../lib/:/usr/lib/gcc/x86_64-linux-gnu/4.9/../../../:/lib/:/usr/lib/
COLLECT_GCC_OPTIONS='-v' '-o' 'cmTryCompileExec2015678158' '-rdynamic' '-shared-libgcc' '-mtune=generic' '-march=x86-64'
 /usr/lib/gcc/x86_64-linux-gnu/4.9/collect2 -plugin /usr/lib/gcc/x86_64-linux-gnu/4.9/liblto_plugin.so -plugin-opt=/usr/lib/gcc/x86_64-linux-gnu/4.9/lto-wrapper -plugin-opt=-fresolution=/tmp/ccJah8Uh.res -plugin-opt=-pass-through=-lgcc_s -plugin-opt=-pass-through=-lgcc -plugin-opt=-pass-through=-lc -plugin-opt=-pass-through=-lgcc_s -plugin-opt=-pass-through=-lgcc --sysroot=/ --build-id --eh-frame-hdr -m elf_x86_64 --hash-style=gnu --as-needed -export-dynamic -dynamic-linker /lib64/ld-linux-x86-64.so.2 -z relro -o cmTryCompileExec2015678158 /usr/lib/gcc/x86_64-linux-gnu/4.9/../../../x86_64-linux-gnu/crt1.o /usr/lib/gcc/x86_64-linux-gnu/4.9/../../../x86_64-linux-gnu/crti.o /usr/lib/gcc/x86_64-linux-gnu/4.9/crtbegin.o -L/usr/lib/gcc/x86_64-linux-gnu/4.9 -L/usr/lib/gcc/x86_64-linux-gnu/4.9/../../../x86_64-linux-gnu -L/usr/lib/gcc/x86_64-linux-gnu/4.9/../../../../lib -L/lib/x86_64-linux-gnu -L/lib/../lib -L/usr/lib/x86_64-linux-gnu -L/usr/lib/../lib -L/usr/lib/gcc/x86_64-linux-gnu/4.9/../../.. CMakeFiles/cmTryCompileExec2015678158.dir/CMakeCXXCompilerABI.cpp.o -lstdc++ -lm -lgcc_s -lgcc -lc -lgcc_s -lgcc /usr/lib/gcc/x86_64-linux-gnu/4.9/crtend.o /usr/lib/gcc/x86_64-linux-gnu/4.9/../../../x86_64-linux-gnu/crtn.o
make[1]: Leaving directory '/media/pjakubow/Data/Documents/Automatyka i Robotyka/II stopien/Semestr I/Optimization Theory/NSGA/libraries/mathgl-2.3.2/CMakeFiles/CMakeTmp'


Parsed CXX implicit link information from above output:
  link line regex: [^( *|.*[/\])(ld|([^/\]+-)?ld|collect2)[^/\]*( |$)]
  ignore line: [Change Dir: /media/pjakubow/Data/Documents/Automatyka i Robotyka/II stopien/Semestr I/Optimization Theory/NSGA/libraries/mathgl-2.3.2/CMakeFiles/CMakeTmp]
  ignore line: []
  ignore line: [Run Build Command:"/usr/bin/make" "cmTryCompileExec2015678158/fast"]
  ignore line: [/usr/bin/make -f CMakeFiles/cmTryCompileExec2015678158.dir/build.make CMakeFiles/cmTryCompileExec2015678158.dir/build]
  ignore line: [make[1]: Entering directory '/media/pjakubow/Data/Documents/Automatyka i Robotyka/II stopien/Semestr I/Optimization Theory/NSGA/libraries/mathgl-2.3.2/CMakeFiles/CMakeTmp']
  ignore line: [/usr/bin/cmake -E cmake_progress_report "/media/pjakubow/Data/Documents/Automatyka i Robotyka/II stopien/Semestr I/Optimization Theory/NSGA/libraries/mathgl-2.3.2/CMakeFiles/CMakeTmp/CMakeFiles" 1]
  ignore line: [Building CXX object CMakeFiles/cmTryCompileExec2015678158.dir/CMakeCXXCompilerABI.cpp.o]
  ignore line: [/usr/bin/c++     -o CMakeFiles/cmTryCompileExec2015678158.dir/CMakeCXXCompilerABI.cpp.o -c /usr/share/cmake-3.0/Modules/CMakeCXXCompilerABI.cpp]
  ignore line: [Linking CXX executable cmTryCompileExec2015678158]
  ignore line: [/usr/bin/cmake -E cmake_link_script CMakeFiles/cmTryCompileExec2015678158.dir/link.txt --verbose=1]
  ignore line: [/usr/bin/c++      -v CMakeFiles/cmTryCompileExec2015678158.dir/CMakeCXXCompilerABI.cpp.o  -o cmTryCompileExec2015678158 -rdynamic  ]
  ignore line: [Using built-in specs.]
  ignore line: [COLLECT_GCC=/usr/bin/c++]
  ignore line: [COLLECT_LTO_WRAPPER=/usr/lib/gcc/x86_64-linux-gnu/4.9/lto-wrapper]
  ignore line: [Target: x86_64-linux-gnu]
  ignore line: [Configured with: ../src/configure -v --with-pkgversion='Ubuntu 4.9.2-10ubuntu12' --with-bugurl=file:///usr/share/doc/gcc-4.9/README.Bugs --enable-languages=c,c++,java,go,d,fortran,objc,obj-c++ --prefix=/usr --program-suffix=-4.9 --enable-shared --enable-linker-build-id --libexecdir=/usr/lib --without-included-gettext --enable-threads=posix --with-gxx-include-dir=/usr/include/c++/4.9 --libdir=/usr/lib --enable-nls --with-sysroot=/ --enable-clocale=gnu --enable-libstdcxx-debug --enable-libstdcxx-time=yes --enable-gnu-unique-object --disable-vtable-verify --enable-plugin --with-system-zlib --disable-browser-plugin --enable-java-awt=gtk --enable-gtk-cairo --with-java-home=/usr/lib/jvm/java-1.5.0-gcj-4.9-amd64/jre --enable-java-home --with-jvm-root-dir=/usr/lib/jvm/java-1.5.0-gcj-4.9-amd64 --with-jvm-jar-dir=/usr/lib/jvm-exports/java-1.5.0-gcj-4.9-amd64 --with-arch-directory=amd64 --with-ecj-jar=/usr/share/java/eclipse-ecj.jar --enable-objc-gc --enable-multiarch --disable-werror --with-arch-32=i686 --with-abi=m64 --with-multilib-list=m32,m64,mx32 --enable-multilib --with-tune=generic --enable-checking=release --build=x86_64-linux-gnu --host=x86_64-linux-gnu --target=x86_64-linux-gnu]
  ignore line: [Thread model: posix]
  ignore line: [gcc version 4.9.2 (Ubuntu 4.9.2-10ubuntu12) ]
  ignore line: [COMPILER_PATH=/usr/lib/gcc/x86_64-linux-gnu/4.9/:/usr/lib/gcc/x86_64-linux-gnu/4.9/:/usr/lib/gcc/x86_64-linux-gnu/:/usr/lib/gcc/x86_64-linux-gnu/4.9/:/usr/lib/gcc/x86_64-linux-gnu/]
  ignore line: [LIBRARY_PATH=/usr/lib/gcc/x86_64-linux-gnu/4.9/:/usr/lib/gcc/x86_64-linux-gnu/4.9/../../../x86_64-linux-gnu/:/usr/lib/gcc/x86_64-linux-gnu/4.9/../../../../lib/:/lib/x86_64-linux-gnu/:/lib/../lib/:/usr/lib/x86_64-linux-gnu/:/usr/lib/../lib/:/usr/lib/gcc/x86_64-linux-gnu/4.9/../../../:/lib/:/usr/lib/]
  ignore line: [COLLECT_GCC_OPTIONS='-v' '-o' 'cmTryCompileExec2015678158' '-rdynamic' '-shared-libgcc' '-mtune=generic' '-march=x86-64']
  link line: [ /usr/lib/gcc/x86_64-linux-gnu/4.9/collect2 -plugin /usr/lib/gcc/x86_64-linux-gnu/4.9/liblto_plugin.so -plugin-opt=/usr/lib/gcc/x86_64-linux-gnu/4.9/lto-wrapper -plugin-opt=-fresolution=/tmp/ccJah8Uh.res -plugin-opt=-pass-through=-lgcc_s -plugin-opt=-pass-through=-lgcc -plugin-opt=-pass-through=-lc -plugin-opt=-pass-through=-lgcc_s -plugin-opt=-pass-through=-lgcc --sysroot=/ --build-id --eh-frame-hdr -m elf_x86_64 --hash-style=gnu --as-needed -export-dynamic -dynamic-linker /lib64/ld-linux-x86-64.so.2 -z relro -o cmTryCompileExec2015678158 /usr/lib/gcc/x86_64-linux-gnu/4.9/../../../x86_64-linux-gnu/crt1.o /usr/lib/gcc/x86_64-linux-gnu/4.9/../../../x86_64-linux-gnu/crti.o /usr/lib/gcc/x86_64-linux-gnu/4.9/crtbegin.o -L/usr/lib/gcc/x86_64-linux-gnu/4.9 -L/usr/lib/gcc/x86_64-linux-gnu/4.9/../../../x86_64-linux-gnu -L/usr/lib/gcc/x86_64-linux-gnu/4.9/../../../../lib -L/lib/x86_64-linux-gnu -L/lib/../lib -L/usr/lib/x86_64-linux-gnu -L/usr/lib/../lib -L/usr/lib/gcc/x86_64-linux-gnu/4.9/../../.. CMakeFiles/cmTryCompileExec2015678158.dir/CMakeCXXCompilerABI.cpp.o -lstdc++ -lm -lgcc_s -lgcc -lc -lgcc_s -lgcc /usr/lib/gcc/x86_64-linux-gnu/4.9/crtend.o /usr/lib/gcc/x86_64-linux-gnu/4.9/../../../x86_64-linux-gnu/crtn.o]
    arg [/usr/lib/gcc/x86_64-linux-gnu/4.9/collect2] ==> ignore
    arg [-plugin] ==> ignore
    arg [/usr/lib/gcc/x86_64-linux-gnu/4.9/liblto_plugin.so] ==> ignore
    arg [-plugin-opt=/usr/lib/gcc/x86_64-linux-gnu/4.9/lto-wrapper] ==> ignore
    arg [-plugin-opt=-fresolution=/tmp/ccJah8Uh.res] ==> ignore
    arg [-plugin-opt=-pass-through=-lgcc_s] ==> ignore
    arg [-plugin-opt=-pass-through=-lgcc] ==> ignore
    arg [-plugin-opt=-pass-through=-lc] ==> ignore
    arg [-plugin-opt=-pass-through=-lgcc_s] ==> ignore
    arg [-plugin-opt=-pass-through=-lgcc] ==> ignore
    arg [--sysroot=/] ==> ignore
    arg [--build-id] ==> ignore
    arg [--eh-frame-hdr] ==> ignore
    arg [-m] ==> ignore
    arg [elf_x86_64] ==> ignore
    arg [--hash-style=gnu] ==> ignore
    arg [--as-needed] ==> ignore
    arg [-export-dynamic] ==> ignore
    arg [-dynamic-linker] ==> ignore
    arg [/lib64/ld-linux-x86-64.so.2] ==> ignore
    arg [-zrelro] ==> ignore
    arg [-o] ==> ignore
    arg [cmTryCompileExec2015678158] ==> ignore
    arg [/usr/lib/gcc/x86_64-linux-gnu/4.9/../../../x86_64-linux-gnu/crt1.o] ==> ignore
    arg [/usr/lib/gcc/x86_64-linux-gnu/4.9/../../../x86_64-linux-gnu/crti.o] ==> ignore
    arg [/usr/lib/gcc/x86_64-linux-gnu/4.9/crtbegin.o] ==> ignore
    arg [-L/usr/lib/gcc/x86_64-linux-gnu/4.9] ==> dir [/usr/lib/gcc/x86_64-linux-gnu/4.9]
    arg [-L/usr/lib/gcc/x86_64-linux-gnu/4.9/../../../x86_64-linux-gnu] ==> dir [/usr/lib/gcc/x86_64-linux-gnu/4.9/../../../x86_64-linux-gnu]
    arg [-L/usr/lib/gcc/x86_64-linux-gnu/4.9/../../../../lib] ==> dir [/usr/lib/gcc/x86_64-linux-gnu/4.9/../../../../lib]
    arg [-L/lib/x86_64-linux-gnu] ==> dir [/lib/x86_64-linux-gnu]
    arg [-L/lib/../lib] ==> dir [/lib/../lib]
    arg [-L/usr/lib/x86_64-linux-gnu] ==> dir [/usr/lib/x86_64-linux-gnu]
    arg [-L/usr/lib/../lib] ==> dir [/usr/lib/../lib]
    arg [-L/usr/lib/gcc/x86_64-linux-gnu/4.9/../../..] ==> dir [/usr/lib/gcc/x86_64-linux-gnu/4.9/../../..]
    arg [CMakeFiles/cmTryCompileExec2015678158.dir/CMakeCXXCompilerABI.cpp.o] ==> ignore
    arg [-lstdc++] ==> lib [stdc++]
    arg [-lm] ==> lib [m]
    arg [-lgcc_s] ==> lib [gcc_s]
    arg [-lgcc] ==> lib [gcc]
    arg [-lc] ==> lib [c]
    arg [-lgcc_s] ==> lib [gcc_s]
    arg [-lgcc] ==> lib [gcc]
    arg [/usr/lib/gcc/x86_64-linux-gnu/4.9/crtend.o] ==> ignore
    arg [/usr/lib/gcc/x86_64-linux-gnu/4.9/../../../x86_64-linux-gnu/crtn.o] ==> ignore
  remove lib [gcc_s]
  remove lib [gcc]
  remove lib [gcc_s]
  remove lib [gcc]
  collapse library dir [/usr/lib/gcc/x86_64-linux-gnu/4.9] ==> [/usr/lib/gcc/x86_64-linux-gnu/4.9]
  collapse library dir [/usr/lib/gcc/x86_64-linux-gnu/4.9/../../../x86_64-linux-gnu] ==> [/usr/lib/x86_64-linux-gnu]
  collapse library dir [/usr/lib/gcc/x86_64-linux-gnu/4.9/../../../../lib] ==> [/usr/lib]
  collapse library dir [/lib/x86_64-linux-gnu] ==> [/lib/x86_64-linux-gnu]
  collapse library dir [/lib/../lib] ==> [/lib]
  collapse library dir [/usr/lib/x86_64-linux-gnu] ==> [/usr/lib/x86_64-linux-gnu]
  collapse library dir [/usr/lib/../lib] ==> [/usr/lib]
  collapse library dir [/usr/lib/gcc/x86_64-linux-gnu/4.9/../../..] ==> [/usr/lib]
  implicit libs: [stdc++;m;c]
  implicit dirs: [/usr/lib/gcc/x86_64-linux-gnu/4.9;/usr/lib/x86_64-linux-gnu;/usr/lib;/lib/x86_64-linux-gnu;/lib]
  implicit fwks: []


Determining if the include file sys/types.h exists passed with the following output:
Change Dir: /media/pjakubow/Data/Documents/Automatyka i Robotyka/II stopien/Semestr I/Optimization Theory/NSGA/libraries/mathgl-2.3.2/CMakeFiles/CMakeTmp

Run Build Command:"/usr/bin/make" "cmTryCompileExec1059409770/fast"
/usr/bin/make -f CMakeFiles/cmTryCompileExec1059409770.dir/build.make CMakeFiles/cmTryCompileExec1059409770.dir/build
make[1]: Entering directory '/media/pjakubow/Data/Documents/Automatyka i Robotyka/II stopien/Semestr I/Optimization Theory/NSGA/libraries/mathgl-2.3.2/CMakeFiles/CMakeTmp'
/usr/bin/cmake -E cmake_progress_report "/media/pjakubow/Data/Documents/Automatyka i Robotyka/II stopien/Semestr I/Optimization Theory/NSGA/libraries/mathgl-2.3.2/CMakeFiles/CMakeTmp/CMakeFiles" 1
Building C object CMakeFiles/cmTryCompileExec1059409770.dir/CheckIncludeFile.c.o
/usr/bin/cc    -o CMakeFiles/cmTryCompileExec1059409770.dir/CheckIncludeFile.c.o   -c "/media/pjakubow/Data/Documents/Automatyka i Robotyka/II stopien/Semestr I/Optimization Theory/NSGA/libraries/mathgl-2.3.2/CMakeFiles/CMakeTmp/CheckIncludeFile.c"
Linking C executable cmTryCompileExec1059409770
/usr/bin/cmake -E cmake_link_script CMakeFiles/cmTryCompileExec1059409770.dir/link.txt --verbose=1
/usr/bin/cc       CMakeFiles/cmTryCompileExec1059409770.dir/CheckIncludeFile.c.o  -o cmTryCompileExec1059409770 -rdynamic 
make[1]: Leaving directory '/media/pjakubow/Data/Documents/Automatyka i Robotyka/II stopien/Semestr I/Optimization Theory/NSGA/libraries/mathgl-2.3.2/CMakeFiles/CMakeTmp'


Determining if the include file stdint.h exists passed with the following output:
Change Dir: /media/pjakubow/Data/Documents/Automatyka i Robotyka/II stopien/Semestr I/Optimization Theory/NSGA/libraries/mathgl-2.3.2/CMakeFiles/CMakeTmp

Run Build Command:"/usr/bin/make" "cmTryCompileExec2695812587/fast"
/usr/bin/make -f CMakeFiles/cmTryCompileExec2695812587.dir/build.make CMakeFiles/cmTryCompileExec2695812587.dir/build
make[1]: Entering directory '/media/pjakubow/Data/Documents/Automatyka i Robotyka/II stopien/Semestr I/Optimization Theory/NSGA/libraries/mathgl-2.3.2/CMakeFiles/CMakeTmp'
/usr/bin/cmake -E cmake_progress_report "/media/pjakubow/Data/Documents/Automatyka i Robotyka/II stopien/Semestr I/Optimization Theory/NSGA/libraries/mathgl-2.3.2/CMakeFiles/CMakeTmp/CMakeFiles" 1
Building C object CMakeFiles/cmTryCompileExec2695812587.dir/CheckIncludeFile.c.o
/usr/bin/cc    -o CMakeFiles/cmTryCompileExec2695812587.dir/CheckIncludeFile.c.o   -c "/media/pjakubow/Data/Documents/Automatyka i Robotyka/II stopien/Semestr I/Optimization Theory/NSGA/libraries/mathgl-2.3.2/CMakeFiles/CMakeTmp/CheckIncludeFile.c"
Linking C executable cmTryCompileExec2695812587
/usr/bin/cmake -E cmake_link_script CMakeFiles/cmTryCompileExec2695812587.dir/link.txt --verbose=1
/usr/bin/cc       CMakeFiles/cmTryCompileExec2695812587.dir/CheckIncludeFile.c.o  -o cmTryCompileExec2695812587 -rdynamic 
make[1]: Leaving directory '/media/pjakubow/Data/Documents/Automatyka i Robotyka/II stopien/Semestr I/Optimization Theory/NSGA/libraries/mathgl-2.3.2/CMakeFiles/CMakeTmp'


Determining if the include file stddef.h exists passed with the following output:
Change Dir: /media/pjakubow/Data/Documents/Automatyka i Robotyka/II stopien/Semestr I/Optimization Theory/NSGA/libraries/mathgl-2.3.2/CMakeFiles/CMakeTmp

Run Build Command:"/usr/bin/make" "cmTryCompileExec2270997753/fast"
/usr/bin/make -f CMakeFiles/cmTryCompileExec2270997753.dir/build.make CMakeFiles/cmTryCompileExec2270997753.dir/build
make[1]: Entering directory '/media/pjakubow/Data/Documents/Automatyka i Robotyka/II stopien/Semestr I/Optimization Theory/NSGA/libraries/mathgl-2.3.2/CMakeFiles/CMakeTmp'
/usr/bin/cmake -E cmake_progress_report "/media/pjakubow/Data/Documents/Automatyka i Robotyka/II stopien/Semestr I/Optimization Theory/NSGA/libraries/mathgl-2.3.2/CMakeFiles/CMakeTmp/CMakeFiles" 1
Building C object CMakeFiles/cmTryCompileExec2270997753.dir/CheckIncludeFile.c.o
/usr/bin/cc    -o CMakeFiles/cmTryCompileExec2270997753.dir/CheckIncludeFile.c.o   -c "/media/pjakubow/Data/Documents/Automatyka i Robotyka/II stopien/Semestr I/Optimization Theory/NSGA/libraries/mathgl-2.3.2/CMakeFiles/CMakeTmp/CheckIncludeFile.c"
Linking C executable cmTryCompileExec2270997753
/usr/bin/cmake -E cmake_link_script CMakeFiles/cmTryCompileExec2270997753.dir/link.txt --verbose=1
/usr/bin/cc       CMakeFiles/cmTryCompileExec2270997753.dir/CheckIncludeFile.c.o  -o cmTryCompileExec2270997753 -rdynamic 
make[1]: Leaving directory '/media/pjakubow/Data/Documents/Automatyka i Robotyka/II stopien/Semestr I/Optimization Theory/NSGA/libraries/mathgl-2.3.2/CMakeFiles/CMakeTmp'


Determining size of unsigned short passed with the following output:
Change Dir: /media/pjakubow/Data/Documents/Automatyka i Robotyka/II stopien/Semestr I/Optimization Theory/NSGA/libraries/mathgl-2.3.2/CMakeFiles/CMakeTmp

Run Build Command:"/usr/bin/make" "cmTryCompileExec527140523/fast"
/usr/bin/make -f CMakeFiles/cmTryCompileExec527140523.dir/build.make CMakeFiles/cmTryCompileExec527140523.dir/build
make[1]: Entering directory '/media/pjakubow/Data/Documents/Automatyka i Robotyka/II stopien/Semestr I/Optimization Theory/NSGA/libraries/mathgl-2.3.2/CMakeFiles/CMakeTmp'
/usr/bin/cmake -E cmake_progress_report "/media/pjakubow/Data/Documents/Automatyka i Robotyka/II stopien/Semestr I/Optimization Theory/NSGA/libraries/mathgl-2.3.2/CMakeFiles/CMakeTmp/CMakeFiles" 1
Building C object CMakeFiles/cmTryCompileExec527140523.dir/CMAKE_SIZEOF_UNSIGNED_SHORT.c.o
/usr/bin/cc    -o CMakeFiles/cmTryCompileExec527140523.dir/CMAKE_SIZEOF_UNSIGNED_SHORT.c.o   -c "/media/pjakubow/Data/Documents/Automatyka i Robotyka/II stopien/Semestr I/Optimization Theory/NSGA/libraries/mathgl-2.3.2/CMakeFiles/CheckTypeSize/CMAKE_SIZEOF_UNSIGNED_SHORT.c"
Linking C executable cmTryCompileExec527140523
/usr/bin/cmake -E cmake_link_script CMakeFiles/cmTryCompileExec527140523.dir/link.txt --verbose=1
/usr/bin/cc       CMakeFiles/cmTryCompileExec527140523.dir/CMAKE_SIZEOF_UNSIGNED_SHORT.c.o  -o cmTryCompileExec527140523 -rdynamic 
make[1]: Leaving directory '/media/pjakubow/Data/Documents/Automatyka i Robotyka/II stopien/Semestr I/Optimization Theory/NSGA/libraries/mathgl-2.3.2/CMakeFiles/CMakeTmp'


Determining if the function memrchr exists passed with the following output:
Change Dir: /media/pjakubow/Data/Documents/Automatyka i Robotyka/II stopien/Semestr I/Optimization Theory/NSGA/libraries/mathgl-2.3.2/CMakeFiles/CMakeTmp

Run Build Command:"/usr/bin/make" "cmTryCompileExec580297148/fast"
/usr/bin/make -f CMakeFiles/cmTryCompileExec580297148.dir/build.make CMakeFiles/cmTryCompileExec580297148.dir/build
make[1]: Entering directory '/media/pjakubow/Data/Documents/Automatyka i Robotyka/II stopien/Semestr I/Optimization Theory/NSGA/libraries/mathgl-2.3.2/CMakeFiles/CMakeTmp'
/usr/bin/cmake -E cmake_progress_report "/media/pjakubow/Data/Documents/Automatyka i Robotyka/II stopien/Semestr I/Optimization Theory/NSGA/libraries/mathgl-2.3.2/CMakeFiles/CMakeTmp/CMakeFiles" 1
Building C object CMakeFiles/cmTryCompileExec580297148.dir/CheckFunctionExists.c.o
/usr/bin/cc   -DCHECK_FUNCTION_EXISTS=memrchr   -o CMakeFiles/cmTryCompileExec580297148.dir/CheckFunctionExists.c.o   -c /usr/share/cmake-3.0/Modules/CheckFunctionExists.c
Linking C executable cmTryCompileExec580297148
/usr/bin/cmake -E cmake_link_script CMakeFiles/cmTryCompileExec580297148.dir/link.txt --verbose=1
/usr/bin/cc   -DCHECK_FUNCTION_EXISTS=memrchr    CMakeFiles/cmTryCompileExec580297148.dir/CheckFunctionExists.c.o  -o cmTryCompileExec580297148 -rdynamic 
make[1]: Leaving directory '/media/pjakubow/Data/Documents/Automatyka i Robotyka/II stopien/Semestr I/Optimization Theory/NSGA/libraries/mathgl-2.3.2/CMakeFiles/CMakeTmp'


Determining if the function sin exists passed with the following output:
Change Dir: /media/pjakubow/Data/Documents/Automatyka i Robotyka/II stopien/Semestr I/Optimization Theory/NSGA/libraries/mathgl-2.3.2/CMakeFiles/CMakeTmp

Run Build Command:"/usr/bin/make" "cmTryCompileExec797745024/fast"
/usr/bin/make -f CMakeFiles/cmTryCompileExec797745024.dir/build.make CMakeFiles/cmTryCompileExec797745024.dir/build
make[1]: Entering directory '/media/pjakubow/Data/Documents/Automatyka i Robotyka/II stopien/Semestr I/Optimization Theory/NSGA/libraries/mathgl-2.3.2/CMakeFiles/CMakeTmp'
/usr/bin/cmake -E cmake_progress_report "/media/pjakubow/Data/Documents/Automatyka i Robotyka/II stopien/Semestr I/Optimization Theory/NSGA/libraries/mathgl-2.3.2/CMakeFiles/CMakeTmp/CMakeFiles" 1
Building C object CMakeFiles/cmTryCompileExec797745024.dir/CheckFunctionExists.c.o
/usr/bin/cc   -DCHECK_FUNCTION_EXISTS=sin   -o CMakeFiles/cmTryCompileExec797745024.dir/CheckFunctionExists.c.o   -c /usr/share/cmake-3.0/Modules/CheckFunctionExists.c
<command-line>:0:23: warning: conflicting types for built-in function ‘sin’
/usr/share/cmake-3.0/Modules/CheckFunctionExists.c:3:6: note: in expansion of macro ‘CHECK_FUNCTION_EXISTS’
 char CHECK_FUNCTION_EXISTS();
      ^
Linking C executable cmTryCompileExec797745024
/usr/bin/cmake -E cmake_link_script CMakeFiles/cmTryCompileExec797745024.dir/link.txt --verbose=1
/usr/bin/cc   -DCHECK_FUNCTION_EXISTS=sin    CMakeFiles/cmTryCompileExec797745024.dir/CheckFunctionExists.c.o  -o cmTryCompileExec797745024 -rdynamic -lm 
make[1]: Leaving directory '/media/pjakubow/Data/Documents/Automatyka i Robotyka/II stopien/Semestr I/Optimization Theory/NSGA/libraries/mathgl-2.3.2/CMakeFiles/CMakeTmp'


Performing C++ SOURCE FILE Test MGL_HAVE_C99_COMPLEX succeded with the following output:
Change Dir: /media/pjakubow/Data/Documents/Automatyka i Robotyka/II stopien/Semestr I/Optimization Theory/NSGA/libraries/mathgl-2.3.2/CMakeFiles/CMakeTmp

Run Build Command:"/usr/bin/make" "cmTryCompileExec873950156/fast"
/usr/bin/make -f CMakeFiles/cmTryCompileExec873950156.dir/build.make CMakeFiles/cmTryCompileExec873950156.dir/build
make[1]: Entering directory '/media/pjakubow/Data/Documents/Automatyka i Robotyka/II stopien/Semestr I/Optimization Theory/NSGA/libraries/mathgl-2.3.2/CMakeFiles/CMakeTmp'
/usr/bin/cmake -E cmake_progress_report "/media/pjakubow/Data/Documents/Automatyka i Robotyka/II stopien/Semestr I/Optimization Theory/NSGA/libraries/mathgl-2.3.2/CMakeFiles/CMakeTmp/CMakeFiles" 1
Building CXX object CMakeFiles/cmTryCompileExec873950156.dir/src.cxx.o
/usr/bin/c++    -DMGL_HAVE_C99_COMPLEX   -o CMakeFiles/cmTryCompileExec873950156.dir/src.cxx.o -c "/media/pjakubow/Data/Documents/Automatyka i Robotyka/II stopien/Semestr I/Optimization Theory/NSGA/libraries/mathgl-2.3.2/CMakeFiles/CMakeTmp/src.cxx"
Linking CXX executable cmTryCompileExec873950156
/usr/bin/cmake -E cmake_link_script CMakeFiles/cmTryCompileExec873950156.dir/link.txt --verbose=1
/usr/bin/c++    -DMGL_HAVE_C99_COMPLEX    CMakeFiles/cmTryCompileExec873950156.dir/src.cxx.o  -o cmTryCompileExec873950156 -rdynamic 
make[1]: Leaving directory '/media/pjakubow/Data/Documents/Automatyka i Robotyka/II stopien/Semestr I/Optimization Theory/NSGA/libraries/mathgl-2.3.2/CMakeFiles/CMakeTmp'

Source file was:
#include <complex>
#include <complex.h>
int main(int argc, char *args[])
{std::complex<double> c(2.0, 1.0);
double _Complex *a = reinterpret_cast<double _Complex *>(&c);
std::complex<double> b(*a);return 0;}
Performing C++ SOURCE FILE Test MGL_HAVE_NAN_INF succeded with the following output:
Change Dir: /media/pjakubow/Data/Documents/Automatyka i Robotyka/II stopien/Semestr I/Optimization Theory/NSGA/libraries/mathgl-2.3.2/CMakeFiles/CMakeTmp

Run Build Command:"/usr/bin/make" "cmTryCompileExec2262892702/fast"
/usr/bin/make -f CMakeFiles/cmTryCompileExec2262892702.dir/build.make CMakeFiles/cmTryCompileExec2262892702.dir/build
make[1]: Entering directory '/media/pjakubow/Data/Documents/Automatyka i Robotyka/II stopien/Semestr I/Optimization Theory/NSGA/libraries/mathgl-2.3.2/CMakeFiles/CMakeTmp'
/usr/bin/cmake -E cmake_progress_report "/media/pjakubow/Data/Documents/Automatyka i Robotyka/II stopien/Semestr I/Optimization Theory/NSGA/libraries/mathgl-2.3.2/CMakeFiles/CMakeTmp/CMakeFiles" 1
Building CXX object CMakeFiles/cmTryCompileExec2262892702.dir/src.cxx.o
/usr/bin/c++    -DMGL_HAVE_NAN_INF   -o CMakeFiles/cmTryCompileExec2262892702.dir/src.cxx.o -c "/media/pjakubow/Data/Documents/Automatyka i Robotyka/II stopien/Semestr I/Optimization Theory/NSGA/libraries/mathgl-2.3.2/CMakeFiles/CMakeTmp/src.cxx"
Linking CXX executable cmTryCompileExec2262892702
/usr/bin/cmake -E cmake_link_script CMakeFiles/cmTryCompileExec2262892702.dir/link.txt --verbose=1
/usr/bin/c++    -DMGL_HAVE_NAN_INF    CMakeFiles/cmTryCompileExec2262892702.dir/src.cxx.o  -o cmTryCompileExec2262892702 -rdynamic 
make[1]: Leaving directory '/media/pjakubow/Data/Documents/Automatyka i Robotyka/II stopien/Semestr I/Optimization Theory/NSGA/libraries/mathgl-2.3.2/CMakeFiles/CMakeTmp'

Source file was:
#include <math.h>
int main(){double a=NAN, b=INFINITY;return 0;}
Performing C++ SOURCE FILE Test MGL_HAVE_ATTRIBUTE succeded with the following output:
Change Dir: /media/pjakubow/Data/Documents/Automatyka i Robotyka/II stopien/Semestr I/Optimization Theory/NSGA/libraries/mathgl-2.3.2/CMakeFiles/CMakeTmp

Run Build Command:"/usr/bin/make" "cmTryCompileExec3186733307/fast"
/usr/bin/make -f CMakeFiles/cmTryCompileExec3186733307.dir/build.make CMakeFiles/cmTryCompileExec3186733307.dir/build
make[1]: Entering directory '/media/pjakubow/Data/Documents/Automatyka i Robotyka/II stopien/Semestr I/Optimization Theory/NSGA/libraries/mathgl-2.3.2/CMakeFiles/CMakeTmp'
/usr/bin/cmake -E cmake_progress_report "/media/pjakubow/Data/Documents/Automatyka i Robotyka/II stopien/Semestr I/Optimization Theory/NSGA/libraries/mathgl-2.3.2/CMakeFiles/CMakeTmp/CMakeFiles" 1
Building CXX object CMakeFiles/cmTryCompileExec3186733307.dir/src.cxx.o
/usr/bin/c++    -DMGL_HAVE_ATTRIBUTE   -o CMakeFiles/cmTryCompileExec3186733307.dir/src.cxx.o -c "/media/pjakubow/Data/Documents/Automatyka i Robotyka/II stopien/Semestr I/Optimization Theory/NSGA/libraries/mathgl-2.3.2/CMakeFiles/CMakeTmp/src.cxx"
Linking CXX executable cmTryCompileExec3186733307
/usr/bin/cmake -E cmake_link_script CMakeFiles/cmTryCompileExec3186733307.dir/link.txt --verbose=1
/usr/bin/c++    -DMGL_HAVE_ATTRIBUTE    CMakeFiles/cmTryCompileExec3186733307.dir/src.cxx.o  -o cmTryCompileExec3186733307 -rdynamic 
make[1]: Leaving directory '/media/pjakubow/Data/Documents/Automatyka i Robotyka/II stopien/Semestr I/Optimization Theory/NSGA/libraries/mathgl-2.3.2/CMakeFiles/CMakeTmp'

Source file was:
int __attribute__((pure)) test1() {return 0;}
int __attribute__((const)) test2(int x) {return x*x;}
int main(int argc, char* argv[]) {return 0;}
Performing C++ SOURCE FILE Test MGL_HAVE_TYPEOF succeded with the following output:
Change Dir: /media/pjakubow/Data/Documents/Automatyka i Robotyka/II stopien/Semestr I/Optimization Theory/NSGA/libraries/mathgl-2.3.2/CMakeFiles/CMakeTmp

Run Build Command:"/usr/bin/make" "cmTryCompileExec2082857704/fast"
/usr/bin/make -f CMakeFiles/cmTryCompileExec2082857704.dir/build.make CMakeFiles/cmTryCompileExec2082857704.dir/build
make[1]: Entering directory '/media/pjakubow/Data/Documents/Automatyka i Robotyka/II stopien/Semestr I/Optimization Theory/NSGA/libraries/mathgl-2.3.2/CMakeFiles/CMakeTmp'
/usr/bin/cmake -E cmake_progress_report "/media/pjakubow/Data/Documents/Automatyka i Robotyka/II stopien/Semestr I/Optimization Theory/NSGA/libraries/mathgl-2.3.2/CMakeFiles/CMakeTmp/CMakeFiles" 1
Building CXX object CMakeFiles/cmTryCompileExec2082857704.dir/src.cxx.o
/usr/bin/c++    -DMGL_HAVE_TYPEOF   -o CMakeFiles/cmTryCompileExec2082857704.dir/src.cxx.o -c "/media/pjakubow/Data/Documents/Automatyka i Robotyka/II stopien/Semestr I/Optimization Theory/NSGA/libraries/mathgl-2.3.2/CMakeFiles/CMakeTmp/src.cxx"
Linking CXX executable cmTryCompileExec2082857704
/usr/bin/cmake -E cmake_link_script CMakeFiles/cmTryCompileExec2082857704.dir/link.txt --verbose=1
/usr/bin/c++    -DMGL_HAVE_TYPEOF    CMakeFiles/cmTryCompileExec2082857704.dir/src.cxx.o  -o cmTryCompileExec2082857704 -rdynamic 
make[1]: Leaving directory '/media/pjakubow/Data/Documents/Automatyka i Robotyka/II stopien/Semestr I/Optimization Theory/NSGA/libraries/mathgl-2.3.2/CMakeFiles/CMakeTmp'

Source file was:
#define mgl_isnum(a)	({typeof (a) _a = (a); _a==_a;})
int main(){bool a=mgl_isnum(1);return 0;}
Performing C SOURCE FILE Test OpenMP_FLAG_DETECTED succeded with the following output:
Change Dir: /media/pjakubow/Data/Documents/Automatyka i Robotyka/II stopien/Semestr I/Optimization Theory/NSGA/libraries/mathgl-2.3.2/CMakeFiles/CMakeTmp

Run Build Command:"/usr/bin/make" "cmTryCompileExec3118759635/fast"
/usr/bin/make -f CMakeFiles/cmTryCompileExec3118759635.dir/build.make CMakeFiles/cmTryCompileExec3118759635.dir/build
make[1]: Entering directory '/media/pjakubow/Data/Documents/Automatyka i Robotyka/II stopien/Semestr I/Optimization Theory/NSGA/libraries/mathgl-2.3.2/CMakeFiles/CMakeTmp'
/usr/bin/cmake -E cmake_progress_report "/media/pjakubow/Data/Documents/Automatyka i Robotyka/II stopien/Semestr I/Optimization Theory/NSGA/libraries/mathgl-2.3.2/CMakeFiles/CMakeTmp/CMakeFiles" 1
Building C object CMakeFiles/cmTryCompileExec3118759635.dir/src.c.o
/usr/bin/cc   -DOpenMP_FLAG_DETECTED -fopenmp   -o CMakeFiles/cmTryCompileExec3118759635.dir/src.c.o   -c "/media/pjakubow/Data/Documents/Automatyka i Robotyka/II stopien/Semestr I/Optimization Theory/NSGA/libraries/mathgl-2.3.2/CMakeFiles/CMakeTmp/src.c"
Linking C executable cmTryCompileExec3118759635
/usr/bin/cmake -E cmake_link_script CMakeFiles/cmTryCompileExec3118759635.dir/link.txt --verbose=1
/usr/bin/cc   -DOpenMP_FLAG_DETECTED -fopenmp    CMakeFiles/cmTryCompileExec3118759635.dir/src.c.o  -o cmTryCompileExec3118759635 -rdynamic 
make[1]: Leaving directory '/media/pjakubow/Data/Documents/Automatyka i Robotyka/II stopien/Semestr I/Optimization Theory/NSGA/libraries/mathgl-2.3.2/CMakeFiles/CMakeTmp'

Source file was:

#include <omp.h>
int main() {
#ifdef _OPENMP
  return 0;
#else
  breaks_on_purpose
#endif
}

Performing C++ SOURCE FILE Test OpenMP_FLAG_DETECTED succeded with the following output:
Change Dir: /media/pjakubow/Data/Documents/Automatyka i Robotyka/II stopien/Semestr I/Optimization Theory/NSGA/libraries/mathgl-2.3.2/CMakeFiles/CMakeTmp

Run Build Command:"/usr/bin/make" "cmTryCompileExec799786397/fast"
/usr/bin/make -f CMakeFiles/cmTryCompileExec799786397.dir/build.make CMakeFiles/cmTryCompileExec799786397.dir/build
make[1]: Entering directory '/media/pjakubow/Data/Documents/Automatyka i Robotyka/II stopien/Semestr I/Optimization Theory/NSGA/libraries/mathgl-2.3.2/CMakeFiles/CMakeTmp'
/usr/bin/cmake -E cmake_progress_report "/media/pjakubow/Data/Documents/Automatyka i Robotyka/II stopien/Semestr I/Optimization Theory/NSGA/libraries/mathgl-2.3.2/CMakeFiles/CMakeTmp/CMakeFiles" 1
Building CXX object CMakeFiles/cmTryCompileExec799786397.dir/src.cxx.o
/usr/bin/c++    -DOpenMP_FLAG_DETECTED -fopenmp   -o CMakeFiles/cmTryCompileExec799786397.dir/src.cxx.o -c "/media/pjakubow/Data/Documents/Automatyka i Robotyka/II stopien/Semestr I/Optimization Theory/NSGA/libraries/mathgl-2.3.2/CMakeFiles/CMakeTmp/src.cxx"
Linking CXX executable cmTryCompileExec799786397
/usr/bin/cmake -E cmake_link_script CMakeFiles/cmTryCompileExec799786397.dir/link.txt --verbose=1
/usr/bin/c++    -DOpenMP_FLAG_DETECTED -fopenmp    CMakeFiles/cmTryCompileExec799786397.dir/src.cxx.o  -o cmTryCompileExec799786397 -rdynamic 
make[1]: Leaving directory '/media/pjakubow/Data/Documents/Automatyka i Robotyka/II stopien/Semestr I/Optimization Theory/NSGA/libraries/mathgl-2.3.2/CMakeFiles/CMakeTmp'

Source file was:

#include <omp.h>
int main() {
#ifdef _OPENMP
  return 0;
#else
  breaks_on_purpose
#endif
}

Determining if the function XOpenDisplay exists in the /usr/lib/x86_64-linux-gnu/libX11.so;/usr/lib/x86_64-linux-gnu/libXext.so passed with the following output:
Change Dir: /media/pjakubow/Data/Documents/Automatyka i Robotyka/II stopien/Semestr I/Optimization Theory/NSGA/libraries/mathgl-2.3.2/CMakeFiles/CMakeTmp

Run Build Command:"/usr/bin/make" "cmTryCompileExec2157542200/fast"
/usr/bin/make -f CMakeFiles/cmTryCompileExec2157542200.dir/build.make CMakeFiles/cmTryCompileExec2157542200.dir/build
make[1]: Entering directory '/media/pjakubow/Data/Documents/Automatyka i Robotyka/II stopien/Semestr I/Optimization Theory/NSGA/libraries/mathgl-2.3.2/CMakeFiles/CMakeTmp'
/usr/bin/cmake -E cmake_progress_report "/media/pjakubow/Data/Documents/Automatyka i Robotyka/II stopien/Semestr I/Optimization Theory/NSGA/libraries/mathgl-2.3.2/CMakeFiles/CMakeTmp/CMakeFiles" 1
Building C object CMakeFiles/cmTryCompileExec2157542200.dir/CheckFunctionExists.c.o
/usr/bin/cc   -fopenmp -DCHECK_FUNCTION_EXISTS=XOpenDisplay   -o CMakeFiles/cmTryCompileExec2157542200.dir/CheckFunctionExists.c.o   -c /usr/share/cmake-3.0/Modules/CheckFunctionExists.c
Linking C executable cmTryCompileExec2157542200
/usr/bin/cmake -E cmake_link_script CMakeFiles/cmTryCompileExec2157542200.dir/link.txt --verbose=1
/usr/bin/cc   -fopenmp -DCHECK_FUNCTION_EXISTS=XOpenDisplay    CMakeFiles/cmTryCompileExec2157542200.dir/CheckFunctionExists.c.o  -o cmTryCompileExec2157542200 -rdynamic -lX11 -lXext 
make[1]: Leaving directory '/media/pjakubow/Data/Documents/Automatyka i Robotyka/II stopien/Semestr I/Optimization Theory/NSGA/libraries/mathgl-2.3.2/CMakeFiles/CMakeTmp'


Determining if the function gethostbyname exists passed with the following output:
Change Dir: /media/pjakubow/Data/Documents/Automatyka i Robotyka/II stopien/Semestr I/Optimization Theory/NSGA/libraries/mathgl-2.3.2/CMakeFiles/CMakeTmp

Run Build Command:"/usr/bin/make" "cmTryCompileExec1733414572/fast"
/usr/bin/make -f CMakeFiles/cmTryCompileExec1733414572.dir/build.make CMakeFiles/cmTryCompileExec1733414572.dir/build
make[1]: Entering directory '/media/pjakubow/Data/Documents/Automatyka i Robotyka/II stopien/Semestr I/Optimization Theory/NSGA/libraries/mathgl-2.3.2/CMakeFiles/CMakeTmp'
/usr/bin/cmake -E cmake_progress_report "/media/pjakubow/Data/Documents/Automatyka i Robotyka/II stopien/Semestr I/Optimization Theory/NSGA/libraries/mathgl-2.3.2/CMakeFiles/CMakeTmp/CMakeFiles" 1
Building C object CMakeFiles/cmTryCompileExec1733414572.dir/CheckFunctionExists.c.o
/usr/bin/cc   -fopenmp -DCHECK_FUNCTION_EXISTS=gethostbyname   -o CMakeFiles/cmTryCompileExec1733414572.dir/CheckFunctionExists.c.o   -c /usr/share/cmake-3.0/Modules/CheckFunctionExists.c
Linking C executable cmTryCompileExec1733414572
/usr/bin/cmake -E cmake_link_script CMakeFiles/cmTryCompileExec1733414572.dir/link.txt --verbose=1
/usr/bin/cc   -fopenmp -DCHECK_FUNCTION_EXISTS=gethostbyname    CMakeFiles/cmTryCompileExec1733414572.dir/CheckFunctionExists.c.o  -o cmTryCompileExec1733414572 -rdynamic 
make[1]: Leaving directory '/media/pjakubow/Data/Documents/Automatyka i Robotyka/II stopien/Semestr I/Optimization Theory/NSGA/libraries/mathgl-2.3.2/CMakeFiles/CMakeTmp'


Determining if the function connect exists passed with the following output:
Change Dir: /media/pjakubow/Data/Documents/Automatyka i Robotyka/II stopien/Semestr I/Optimization Theory/NSGA/libraries/mathgl-2.3.2/CMakeFiles/CMakeTmp

Run Build Command:"/usr/bin/make" "cmTryCompileExec3368210204/fast"
/usr/bin/make -f CMakeFiles/cmTryCompileExec3368210204.dir/build.make CMakeFiles/cmTryCompileExec3368210204.dir/build
make[1]: Entering directory '/media/pjakubow/Data/Documents/Automatyka i Robotyka/II stopien/Semestr I/Optimization Theory/NSGA/libraries/mathgl-2.3.2/CMakeFiles/CMakeTmp'
/usr/bin/cmake -E cmake_progress_report "/media/pjakubow/Data/Documents/Automatyka i Robotyka/II stopien/Semestr I/Optimization Theory/NSGA/libraries/mathgl-2.3.2/CMakeFiles/CMakeTmp/CMakeFiles" 1
Building C object CMakeFiles/cmTryCompileExec3368210204.dir/CheckFunctionExists.c.o
/usr/bin/cc   -fopenmp -DCHECK_FUNCTION_EXISTS=connect   -o CMakeFiles/cmTryCompileExec3368210204.dir/CheckFunctionExists.c.o   -c /usr/share/cmake-3.0/Modules/CheckFunctionExists.c
Linking C executable cmTryCompileExec3368210204
/usr/bin/cmake -E cmake_link_script CMakeFiles/cmTryCompileExec3368210204.dir/link.txt --verbose=1
/usr/bin/cc   -fopenmp -DCHECK_FUNCTION_EXISTS=connect    CMakeFiles/cmTryCompileExec3368210204.dir/CheckFunctionExists.c.o  -o cmTryCompileExec3368210204 -rdynamic 
make[1]: Leaving directory '/media/pjakubow/Data/Documents/Automatyka i Robotyka/II stopien/Semestr I/Optimization Theory/NSGA/libraries/mathgl-2.3.2/CMakeFiles/CMakeTmp'


Determining if the function remove exists passed with the following output:
Change Dir: /media/pjakubow/Data/Documents/Automatyka i Robotyka/II stopien/Semestr I/Optimization Theory/NSGA/libraries/mathgl-2.3.2/CMakeFiles/CMakeTmp

Run Build Command:"/usr/bin/make" "cmTryCompileExec3600168089/fast"
/usr/bin/make -f CMakeFiles/cmTryCompileExec3600168089.dir/build.make CMakeFiles/cmTryCompileExec3600168089.dir/build
make[1]: Entering directory '/media/pjakubow/Data/Documents/Automatyka i Robotyka/II stopien/Semestr I/Optimization Theory/NSGA/libraries/mathgl-2.3.2/CMakeFiles/CMakeTmp'
/usr/bin/cmake -E cmake_progress_report "/media/pjakubow/Data/Documents/Automatyka i Robotyka/II stopien/Semestr I/Optimization Theory/NSGA/libraries/mathgl-2.3.2/CMakeFiles/CMakeTmp/CMakeFiles" 1
Building C object CMakeFiles/cmTryCompileExec3600168089.dir/CheckFunctionExists.c.o
/usr/bin/cc   -fopenmp -DCHECK_FUNCTION_EXISTS=remove   -o CMakeFiles/cmTryCompileExec3600168089.dir/CheckFunctionExists.c.o   -c /usr/share/cmake-3.0/Modules/CheckFunctionExists.c
Linking C executable cmTryCompileExec3600168089
/usr/bin/cmake -E cmake_link_script CMakeFiles/cmTryCompileExec3600168089.dir/link.txt --verbose=1
/usr/bin/cc   -fopenmp -DCHECK_FUNCTION_EXISTS=remove    CMakeFiles/cmTryCompileExec3600168089.dir/CheckFunctionExists.c.o  -o cmTryCompileExec3600168089 -rdynamic 
make[1]: Leaving directory '/media/pjakubow/Data/Documents/Automatyka i Robotyka/II stopien/Semestr I/Optimization Theory/NSGA/libraries/mathgl-2.3.2/CMakeFiles/CMakeTmp'


Determining if the function shmat exists passed with the following output:
Change Dir: /media/pjakubow/Data/Documents/Automatyka i Robotyka/II stopien/Semestr I/Optimization Theory/NSGA/libraries/mathgl-2.3.2/CMakeFiles/CMakeTmp

Run Build Command:"/usr/bin/make" "cmTryCompileExec36766281/fast"
/usr/bin/make -f CMakeFiles/cmTryCompileExec36766281.dir/build.make CMakeFiles/cmTryCompileExec36766281.dir/build
make[1]: Entering directory '/media/pjakubow/Data/Documents/Automatyka i Robotyka/II stopien/Semestr I/Optimization Theory/NSGA/libraries/mathgl-2.3.2/CMakeFiles/CMakeTmp'
/usr/bin/cmake -E cmake_progress_report "/media/pjakubow/Data/Documents/Automatyka i Robotyka/II stopien/Semestr I/Optimization Theory/NSGA/libraries/mathgl-2.3.2/CMakeFiles/CMakeTmp/CMakeFiles" 1
Building C object CMakeFiles/cmTryCompileExec36766281.dir/CheckFunctionExists.c.o
/usr/bin/cc   -fopenmp -DCHECK_FUNCTION_EXISTS=shmat   -o CMakeFiles/cmTryCompileExec36766281.dir/CheckFunctionExists.c.o   -c /usr/share/cmake-3.0/Modules/CheckFunctionExists.c
Linking C executable cmTryCompileExec36766281
/usr/bin/cmake -E cmake_link_script CMakeFiles/cmTryCompileExec36766281.dir/link.txt --verbose=1
/usr/bin/cc   -fopenmp -DCHECK_FUNCTION_EXISTS=shmat    CMakeFiles/cmTryCompileExec36766281.dir/CheckFunctionExists.c.o  -o cmTryCompileExec36766281 -rdynamic 
make[1]: Leaving directory '/media/pjakubow/Data/Documents/Automatyka i Robotyka/II stopien/Semestr I/Optimization Theory/NSGA/libraries/mathgl-2.3.2/CMakeFiles/CMakeTmp'


Performing C++ SOURCE FILE Test COMPILER_HAS_HIDDEN_VISIBILITY succeded with the following output:
Change Dir: /media/pjakubow/Data/Documents/Automatyka i Robotyka/II stopien/Semestr I/Optimization Theory/NSGA/libraries/mathgl-2.3.2/CMakeFiles/CMakeTmp

Run Build Command:"/usr/bin/make" "cmTryCompileExec1742645620/fast"
/usr/bin/make -f CMakeFiles/cmTryCompileExec1742645620.dir/build.make CMakeFiles/cmTryCompileExec1742645620.dir/build
make[1]: Entering directory '/media/pjakubow/Data/Documents/Automatyka i Robotyka/II stopien/Semestr I/Optimization Theory/NSGA/libraries/mathgl-2.3.2/CMakeFiles/CMakeTmp'
/usr/bin/cmake -E cmake_progress_report "/media/pjakubow/Data/Documents/Automatyka i Robotyka/II stopien/Semestr I/Optimization Theory/NSGA/libraries/mathgl-2.3.2/CMakeFiles/CMakeTmp/CMakeFiles" 1
Building CXX object CMakeFiles/cmTryCompileExec1742645620.dir/src.cxx.o
/usr/bin/c++    -fopenmp -DCOMPILER_HAS_HIDDEN_VISIBILITY   -fvisibility=hidden -o CMakeFiles/cmTryCompileExec1742645620.dir/src.cxx.o -c "/media/pjakubow/Data/Documents/Automatyka i Robotyka/II stopien/Semestr I/Optimization Theory/NSGA/libraries/mathgl-2.3.2/CMakeFiles/CMakeTmp/src.cxx"
Linking CXX executable cmTryCompileExec1742645620
/usr/bin/cmake -E cmake_link_script CMakeFiles/cmTryCompileExec1742645620.dir/link.txt --verbose=1
/usr/bin/c++    -fopenmp -DCOMPILER_HAS_HIDDEN_VISIBILITY    CMakeFiles/cmTryCompileExec1742645620.dir/src.cxx.o  -o cmTryCompileExec1742645620 -rdynamic 
make[1]: Leaving directory '/media/pjakubow/Data/Documents/Automatyka i Robotyka/II stopien/Semestr I/Optimization Theory/NSGA/libraries/mathgl-2.3.2/CMakeFiles/CMakeTmp'

Source file was:
int main() { return 0; }
Performing C++ SOURCE FILE Test COMPILER_HAS_HIDDEN_INLINE_VISIBILITY succeded with the following output:
Change Dir: /media/pjakubow/Data/Documents/Automatyka i Robotyka/II stopien/Semestr I/Optimization Theory/NSGA/libraries/mathgl-2.3.2/CMakeFiles/CMakeTmp

Run Build Command:"/usr/bin/make" "cmTryCompileExec165084834/fast"
/usr/bin/make -f CMakeFiles/cmTryCompileExec165084834.dir/build.make CMakeFiles/cmTryCompileExec165084834.dir/build
make[1]: Entering directory '/media/pjakubow/Data/Documents/Automatyka i Robotyka/II stopien/Semestr I/Optimization Theory/NSGA/libraries/mathgl-2.3.2/CMakeFiles/CMakeTmp'
/usr/bin/cmake -E cmake_progress_report "/media/pjakubow/Data/Documents/Automatyka i Robotyka/II stopien/Semestr I/Optimization Theory/NSGA/libraries/mathgl-2.3.2/CMakeFiles/CMakeTmp/CMakeFiles" 1
Building CXX object CMakeFiles/cmTryCompileExec165084834.dir/src.cxx.o
/usr/bin/c++    -fopenmp -DCOMPILER_HAS_HIDDEN_INLINE_VISIBILITY   -fvisibility-inlines-hidden -o CMakeFiles/cmTryCompileExec165084834.dir/src.cxx.o -c "/media/pjakubow/Data/Documents/Automatyka i Robotyka/II stopien/Semestr I/Optimization Theory/NSGA/libraries/mathgl-2.3.2/CMakeFiles/CMakeTmp/src.cxx"
Linking CXX executable cmTryCompileExec165084834
/usr/bin/cmake -E cmake_link_script CMakeFiles/cmTryCompileExec165084834.dir/link.txt --verbose=1
/usr/bin/c++    -fopenmp -DCOMPILER_HAS_HIDDEN_INLINE_VISIBILITY    CMakeFiles/cmTryCompileExec165084834.dir/src.cxx.o  -o cmTryCompileExec165084834 -rdynamic 
make[1]: Leaving directory '/media/pjakubow/Data/Documents/Automatyka i Robotyka/II stopien/Semestr I/Optimization Theory/NSGA/libraries/mathgl-2.3.2/CMakeFiles/CMakeTmp'

Source file was:
int main() { return 0; }
Performing C++ SOURCE FILE Test COMPILER_HAS_DEPRECATED_ATTR succeded with the following output:
Change Dir: /media/pjakubow/Data/Documents/Automatyka i Robotyka/II stopien/Semestr I/Optimization Theory/NSGA/libraries/mathgl-2.3.2/CMakeFiles/CMakeTmp

Run Build Command:"/usr/bin/make" "cmTryCompileExec3262283881/fast"
/usr/bin/make -f CMakeFiles/cmTryCompileExec3262283881.dir/build.make CMakeFiles/cmTryCompileExec3262283881.dir/build
make[1]: Entering directory '/media/pjakubow/Data/Documents/Automatyka i Robotyka/II stopien/Semestr I/Optimization Theory/NSGA/libraries/mathgl-2.3.2/CMakeFiles/CMakeTmp'
/usr/bin/cmake -E cmake_progress_report "/media/pjakubow/Data/Documents/Automatyka i Robotyka/II stopien/Semestr I/Optimization Theory/NSGA/libraries/mathgl-2.3.2/CMakeFiles/CMakeTmp/CMakeFiles" 1
Building CXX object CMakeFiles/cmTryCompileExec3262283881.dir/src.cxx.o
/usr/bin/c++    -fopenmp -DCOMPILER_HAS_DEPRECATED_ATTR   -o CMakeFiles/cmTryCompileExec3262283881.dir/src.cxx.o -c "/media/pjakubow/Data/Documents/Automatyka i Robotyka/II stopien/Semestr I/Optimization Theory/NSGA/libraries/mathgl-2.3.2/CMakeFiles/CMakeTmp/src.cxx"
/media/pjakubow/Data/Documents/Automatyka i Robotyka/II stopien/Semestr I/Optimization Theory/NSGA/libraries/mathgl-2.3.2/CMakeFiles/CMakeTmp/src.cxx: In function ‘int main()’:
/media/pjakubow/Data/Documents/Automatyka i Robotyka/II stopien/Semestr I/Optimization Theory/NSGA/libraries/mathgl-2.3.2/CMakeFiles/CMakeTmp/src.cxx:2:25: warning: ‘int somefunc()’ is deprecated (declared at /media/pjakubow/Data/Documents/Automatyka i Robotyka/II stopien/Semestr I/Optimization Theory/NSGA/libraries/mathgl-2.3.2/CMakeFiles/CMakeTmp/src.cxx:1) [-Wdeprecated-declarations]
     int main() { return somefunc();}
                         ^
/media/pjakubow/Data/Documents/Automatyka i Robotyka/II stopien/Semestr I/Optimization Theory/NSGA/libraries/mathgl-2.3.2/CMakeFiles/CMakeTmp/src.cxx:2:34: warning: ‘int somefunc()’ is deprecated (declared at /media/pjakubow/Data/Documents/Automatyka i Robotyka/II stopien/Semestr I/Optimization Theory/NSGA/libraries/mathgl-2.3.2/CMakeFiles/CMakeTmp/src.cxx:1) [-Wdeprecated-declarations]
     int main() { return somefunc();}
                                  ^
Linking CXX executable cmTryCompileExec3262283881
/usr/bin/cmake -E cmake_link_script CMakeFiles/cmTryCompileExec3262283881.dir/link.txt --verbose=1
/usr/bin/c++    -fopenmp -DCOMPILER_HAS_DEPRECATED_ATTR    CMakeFiles/cmTryCompileExec3262283881.dir/src.cxx.o  -o cmTryCompileExec3262283881 -rdynamic 
make[1]: Leaving directory '/media/pjakubow/Data/Documents/Automatyka i Robotyka/II stopien/Semestr I/Optimization Theory/NSGA/libraries/mathgl-2.3.2/CMakeFiles/CMakeTmp'

Source file was:
__attribute__((__deprecated__)) int somefunc() { return 0; }
    int main() { return somefunc();}
Determining if the Q_WS_X11 exist passed with the following output:
Change Dir: /media/pjakubow/Data/Documents/Automatyka i Robotyka/II stopien/Semestr I/Optimization Theory/NSGA/libraries/mathgl-2.3.2/CMakeFiles/CMakeTmp

Run Build Command:"/usr/bin/make" "cmTryCompileExec4152806198/fast"
/usr/bin/make -f CMakeFiles/cmTryCompileExec4152806198.dir/build.make CMakeFiles/cmTryCompileExec4152806198.dir/build
make[1]: Entering directory '/media/pjakubow/Data/Documents/Automatyka i Robotyka/II stopien/Semestr I/Optimization Theory/NSGA/libraries/mathgl-2.3.2/CMakeFiles/CMakeTmp'
/usr/bin/cmake -E cmake_progress_report "/media/pjakubow/Data/Documents/Automatyka i Robotyka/II stopien/Semestr I/Optimization Theory/NSGA/libraries/mathgl-2.3.2/CMakeFiles/CMakeTmp/CMakeFiles" 1
Building CXX object CMakeFiles/cmTryCompileExec4152806198.dir/CheckSymbolExists.cxx.o
/usr/bin/c++    -fopenmp -fvisibility=hidden -fvisibility-inlines-hidden -fvisibility=hidden -fvisibility-inlines-hidden  -I/usr/include/qt4    -o CMakeFiles/cmTryCompileExec4152806198.dir/CheckSymbolExists.cxx.o -c "/media/pjakubow/Data/Documents/Automatyka i Robotyka/II stopien/Semestr I/Optimization Theory/NSGA/libraries/mathgl-2.3.2/CMakeFiles/CMakeTmp/CheckSymbolExists.cxx"
Linking CXX executable cmTryCompileExec4152806198
/usr/bin/cmake -E cmake_link_script CMakeFiles/cmTryCompileExec4152806198.dir/link.txt --verbose=1
/usr/bin/c++    -fopenmp -fvisibility=hidden -fvisibility-inlines-hidden -fvisibility=hidden -fvisibility-inlines-hidden     CMakeFiles/cmTryCompileExec4152806198.dir/CheckSymbolExists.cxx.o  -o cmTryCompileExec4152806198 -rdynamic 
make[1]: Leaving directory '/media/pjakubow/Data/Documents/Automatyka i Robotyka/II stopien/Semestr I/Optimization Theory/NSGA/libraries/mathgl-2.3.2/CMakeFiles/CMakeTmp'

File /media/pjakubow/Data/Documents/Automatyka i Robotyka/II stopien/Semestr I/Optimization Theory/NSGA/libraries/mathgl-2.3.2/CMakeFiles/CMakeTmp/CheckSymbolExists.cxx:
/* */
#include <QtCore/qglobal.h>

int main(int argc, char** argv)
{
  (void)argv;
#ifndef Q_WS_X11
  return ((int*)(&Q_WS_X11))[argc];
#else
  (void)argc;
  return 0;
#endif
}

