Determining if the system is big endian passed with the following output:
Change Dir: /media/pjakubow/Data/Documents/Automatyka i Robotyka/II stopien/Semestr I/Optimization Theory/NSGA/libraries/mathgl-2.3.2/CMakeFiles/CMakeTmp

Run Build Command:"/usr/bin/make" "cmTryCompileExec664858484/fast"
/usr/bin/make -f CMakeFiles/cmTryCompileExec664858484.dir/build.make CMakeFiles/cmTryCompileExec664858484.dir/build
make[1]: Entering directory '/media/pjakubow/Data/Documents/Automatyka i Robotyka/II stopien/Semestr I/Optimization Theory/NSGA/libraries/mathgl-2.3.2/CMakeFiles/CMakeTmp'
/usr/bin/cmake -E cmake_progress_report "/media/pjakubow/Data/Documents/Automatyka i Robotyka/II stopien/Semestr I/Optimization Theory/NSGA/libraries/mathgl-2.3.2/CMakeFiles/CMakeTmp/CMakeFiles" 1
Building C object CMakeFiles/cmTryCompileExec664858484.dir/TestEndianess.c.o
/usr/bin/cc    -o CMakeFiles/cmTryCompileExec664858484.dir/TestEndianess.c.o   -c "/media/pjakubow/Data/Documents/Automatyka i Robotyka/II stopien/Semestr I/Optimization Theory/NSGA/libraries/mathgl-2.3.2/CMakeFiles/CMakeTmp/TestEndianess.c"
Linking C executable cmTryCompileExec664858484
/usr/bin/cmake -E cmake_link_script CMakeFiles/cmTryCompileExec664858484.dir/link.txt --verbose=1
/usr/bin/cc       CMakeFiles/cmTryCompileExec664858484.dir/TestEndianess.c.o  -o cmTryCompileExec664858484 -rdynamic 
make[1]: Leaving directory '/media/pjakubow/Data/Documents/Automatyka i Robotyka/II stopien/Semestr I/Optimization Theory/NSGA/libraries/mathgl-2.3.2/CMakeFiles/CMakeTmp'

TestEndianess.c:
/* A 16 bit integer is required. */
typedef unsigned short cmakeint16;

/* On a little endian machine, these 16bit ints will give "THIS IS LITTLE ENDIAN."
   On a big endian machine the characters will be exchanged pairwise. */
const cmakeint16 info_little[] =  {0x4854, 0x5349, 0x4920, 0x2053, 0x494c, 0x5454, 0x454c, 0x4520, 0x444e, 0x4149, 0x2e4e, 0x0000};

/* on a big endian machine, these 16bit ints will give "THIS IS BIG ENDIAN."
   On a little endian machine the characters will be exchanged pairwise. */
const cmakeint16 info_big[] =     {0x5448, 0x4953, 0x2049, 0x5320, 0x4249, 0x4720, 0x454e, 0x4449, 0x414e, 0x2e2e, 0x0000};

#ifdef __CLASSIC_C__
int main(argc, argv) int argc; char *argv[];
#else
int main(int argc, char *argv[])
#endif
{
  int require = 0;
  require += info_little[argc];
  require += info_big[argc];
  (void)argv;
  return require;
}


Determining if the function sin exists failed with the following output:
Change Dir: /media/pjakubow/Data/Documents/Automatyka i Robotyka/II stopien/Semestr I/Optimization Theory/NSGA/libraries/mathgl-2.3.2/CMakeFiles/CMakeTmp

Run Build Command:"/usr/bin/make" "cmTryCompileExec2316589572/fast"
/usr/bin/make -f CMakeFiles/cmTryCompileExec2316589572.dir/build.make CMakeFiles/cmTryCompileExec2316589572.dir/build
make[1]: Entering directory '/media/pjakubow/Data/Documents/Automatyka i Robotyka/II stopien/Semestr I/Optimization Theory/NSGA/libraries/mathgl-2.3.2/CMakeFiles/CMakeTmp'
/usr/bin/cmake -E cmake_progress_report "/media/pjakubow/Data/Documents/Automatyka i Robotyka/II stopien/Semestr I/Optimization Theory/NSGA/libraries/mathgl-2.3.2/CMakeFiles/CMakeTmp/CMakeFiles" 1
Building C object CMakeFiles/cmTryCompileExec2316589572.dir/CheckFunctionExists.c.o
/usr/bin/cc   -DCHECK_FUNCTION_EXISTS=sin   -o CMakeFiles/cmTryCompileExec2316589572.dir/CheckFunctionExists.c.o   -c /usr/share/cmake-3.0/Modules/CheckFunctionExists.c
<command-line>:0:23: warning: conflicting types for built-in function ‘sin’
/usr/share/cmake-3.0/Modules/CheckFunctionExists.c:3:6: note: in expansion of macro ‘CHECK_FUNCTION_EXISTS’
 char CHECK_FUNCTION_EXISTS();
      ^
Linking C executable cmTryCompileExec2316589572
/usr/bin/cmake -E cmake_link_script CMakeFiles/cmTryCompileExec2316589572.dir/link.txt --verbose=1
/usr/bin/cc   -DCHECK_FUNCTION_EXISTS=sin    CMakeFiles/cmTryCompileExec2316589572.dir/CheckFunctionExists.c.o  -o cmTryCompileExec2316589572 -rdynamic 
CMakeFiles/cmTryCompileExec2316589572.dir/CheckFunctionExists.c.o: In function `main':
CheckFunctionExists.c:(.text+0x15): undefined reference to `sin'
collect2: error: ld returned 1 exit status
CMakeFiles/cmTryCompileExec2316589572.dir/build.make:88: recipe for target 'cmTryCompileExec2316589572' failed
make[1]: *** [cmTryCompileExec2316589572] Error 1
make[1]: Leaving directory '/media/pjakubow/Data/Documents/Automatyka i Robotyka/II stopien/Semestr I/Optimization Theory/NSGA/libraries/mathgl-2.3.2/CMakeFiles/CMakeTmp'
Makefile:118: recipe for target 'cmTryCompileExec2316589572/fast' failed
make: *** [cmTryCompileExec2316589572/fast] Error 2


Performing C++ SOURCE FILE Test MGL_HAVE_RVAL failed with the following output:
Change Dir: /media/pjakubow/Data/Documents/Automatyka i Robotyka/II stopien/Semestr I/Optimization Theory/NSGA/libraries/mathgl-2.3.2/CMakeFiles/CMakeTmp

Run Build Command:"/usr/bin/make" "cmTryCompileExec1408359875/fast"
/usr/bin/make -f CMakeFiles/cmTryCompileExec1408359875.dir/build.make CMakeFiles/cmTryCompileExec1408359875.dir/build
make[1]: Entering directory '/media/pjakubow/Data/Documents/Automatyka i Robotyka/II stopien/Semestr I/Optimization Theory/NSGA/libraries/mathgl-2.3.2/CMakeFiles/CMakeTmp'
/usr/bin/cmake -E cmake_progress_report "/media/pjakubow/Data/Documents/Automatyka i Robotyka/II stopien/Semestr I/Optimization Theory/NSGA/libraries/mathgl-2.3.2/CMakeFiles/CMakeTmp/CMakeFiles" 1
Building CXX object CMakeFiles/cmTryCompileExec1408359875.dir/src.cxx.o
/usr/bin/c++    -DMGL_HAVE_RVAL   -o CMakeFiles/cmTryCompileExec1408359875.dir/src.cxx.o -c "/media/pjakubow/Data/Documents/Automatyka i Robotyka/II stopien/Semestr I/Optimization Theory/NSGA/libraries/mathgl-2.3.2/CMakeFiles/CMakeTmp/src.cxx"
/media/pjakubow/Data/Documents/Automatyka i Robotyka/II stopien/Semestr I/Optimization Theory/NSGA/libraries/mathgl-2.3.2/CMakeFiles/CMakeTmp/src.cxx:1:34: error: expected ‘,’ or ‘...’ before ‘&&’ token
 struct test { test() {} test(test&& a){} };
                                  ^
/media/pjakubow/Data/Documents/Automatyka i Robotyka/II stopien/Semestr I/Optimization Theory/NSGA/libraries/mathgl-2.3.2/CMakeFiles/CMakeTmp/src.cxx:1:38: error: invalid constructor; you probably meant ‘test (const test&)’
 struct test { test() {} test(test&& a){} };
                                      ^
CMakeFiles/cmTryCompileExec1408359875.dir/build.make:57: recipe for target 'CMakeFiles/cmTryCompileExec1408359875.dir/src.cxx.o' failed
make[1]: Leaving directory '/media/pjakubow/Data/Documents/Automatyka i Robotyka/II stopien/Semestr I/Optimization Theory/NSGA/libraries/mathgl-2.3.2/CMakeFiles/CMakeTmp'
make[1]: *** [CMakeFiles/cmTryCompileExec1408359875.dir/src.cxx.o] Error 1
Makefile:118: recipe for target 'cmTryCompileExec1408359875/fast' failed
make: *** [cmTryCompileExec1408359875/fast] Error 2

Source file was:
struct test { test() {} test(test&& a){} };
int main() { test t;	return 0; }
Determining if the Q_WS_WIN exist failed with the following output:
Change Dir: /media/pjakubow/Data/Documents/Automatyka i Robotyka/II stopien/Semestr I/Optimization Theory/NSGA/libraries/mathgl-2.3.2/CMakeFiles/CMakeTmp

Run Build Command:"/usr/bin/make" "cmTryCompileExec3338340019/fast"
/usr/bin/make -f CMakeFiles/cmTryCompileExec3338340019.dir/build.make CMakeFiles/cmTryCompileExec3338340019.dir/build
make[1]: Entering directory '/media/pjakubow/Data/Documents/Automatyka i Robotyka/II stopien/Semestr I/Optimization Theory/NSGA/libraries/mathgl-2.3.2/CMakeFiles/CMakeTmp'
/usr/bin/cmake -E cmake_progress_report "/media/pjakubow/Data/Documents/Automatyka i Robotyka/II stopien/Semestr I/Optimization Theory/NSGA/libraries/mathgl-2.3.2/CMakeFiles/CMakeTmp/CMakeFiles" 1
Building CXX object CMakeFiles/cmTryCompileExec3338340019.dir/CheckSymbolExists.cxx.o
/usr/bin/c++    -fopenmp -fvisibility=hidden -fvisibility-inlines-hidden -fvisibility=hidden -fvisibility-inlines-hidden  -I/usr/include/qt4    -o CMakeFiles/cmTryCompileExec3338340019.dir/CheckSymbolExists.cxx.o -c "/media/pjakubow/Data/Documents/Automatyka i Robotyka/II stopien/Semestr I/Optimization Theory/NSGA/libraries/mathgl-2.3.2/CMakeFiles/CMakeTmp/CheckSymbolExists.cxx"
/media/pjakubow/Data/Documents/Automatyka i Robotyka/II stopien/Semestr I/Optimization Theory/NSGA/libraries/mathgl-2.3.2/CMakeFiles/CMakeTmp/CheckSymbolExists.cxx: In function ‘int main(int, char**)’:
/media/pjakubow/Data/Documents/Automatyka i Robotyka/II stopien/Semestr I/Optimization Theory/NSGA/libraries/mathgl-2.3.2/CMakeFiles/CMakeTmp/CheckSymbolExists.cxx:8:19: error: ‘Q_WS_WIN’ was not declared in this scope
   return ((int*)(&Q_WS_WIN))[argc];
                   ^
CMakeFiles/cmTryCompileExec3338340019.dir/build.make:57: recipe for target 'CMakeFiles/cmTryCompileExec3338340019.dir/CheckSymbolExists.cxx.o' failed
make[1]: Leaving directory '/media/pjakubow/Data/Documents/Automatyka i Robotyka/II stopien/Semestr I/Optimization Theory/NSGA/libraries/mathgl-2.3.2/CMakeFiles/CMakeTmp'
make[1]: *** [CMakeFiles/cmTryCompileExec3338340019.dir/CheckSymbolExists.cxx.o] Error 1
Makefile:118: recipe for target 'cmTryCompileExec3338340019/fast' failed
make: *** [cmTryCompileExec3338340019/fast] Error 2

File /media/pjakubow/Data/Documents/Automatyka i Robotyka/II stopien/Semestr I/Optimization Theory/NSGA/libraries/mathgl-2.3.2/CMakeFiles/CMakeTmp/CheckSymbolExists.cxx:
/* */
#include <QtCore/qglobal.h>

int main(int argc, char** argv)
{
  (void)argv;
#ifndef Q_WS_WIN
  return ((int*)(&Q_WS_WIN))[argc];
#else
  (void)argc;
  return 0;
#endif
}

Determining if the Q_WS_QWS exist failed with the following output:
Change Dir: /media/pjakubow/Data/Documents/Automatyka i Robotyka/II stopien/Semestr I/Optimization Theory/NSGA/libraries/mathgl-2.3.2/CMakeFiles/CMakeTmp

Run Build Command:"/usr/bin/make" "cmTryCompileExec3535252529/fast"
/usr/bin/make -f CMakeFiles/cmTryCompileExec3535252529.dir/build.make CMakeFiles/cmTryCompileExec3535252529.dir/build
make[1]: Entering directory '/media/pjakubow/Data/Documents/Automatyka i Robotyka/II stopien/Semestr I/Optimization Theory/NSGA/libraries/mathgl-2.3.2/CMakeFiles/CMakeTmp'
/usr/bin/cmake -E cmake_progress_report "/media/pjakubow/Data/Documents/Automatyka i Robotyka/II stopien/Semestr I/Optimization Theory/NSGA/libraries/mathgl-2.3.2/CMakeFiles/CMakeTmp/CMakeFiles" 1
Building CXX object CMakeFiles/cmTryCompileExec3535252529.dir/CheckSymbolExists.cxx.o
/usr/bin/c++    -fopenmp -fvisibility=hidden -fvisibility-inlines-hidden -fvisibility=hidden -fvisibility-inlines-hidden  -I/usr/include/qt4    -o CMakeFiles/cmTryCompileExec3535252529.dir/CheckSymbolExists.cxx.o -c "/media/pjakubow/Data/Documents/Automatyka i Robotyka/II stopien/Semestr I/Optimization Theory/NSGA/libraries/mathgl-2.3.2/CMakeFiles/CMakeTmp/CheckSymbolExists.cxx"
/media/pjakubow/Data/Documents/Automatyka i Robotyka/II stopien/Semestr I/Optimization Theory/NSGA/libraries/mathgl-2.3.2/CMakeFiles/CMakeTmp/CheckSymbolExists.cxx: In function ‘int main(int, char**)’:
/media/pjakubow/Data/Documents/Automatyka i Robotyka/II stopien/Semestr I/Optimization Theory/NSGA/libraries/mathgl-2.3.2/CMakeFiles/CMakeTmp/CheckSymbolExists.cxx:8:19: error: ‘Q_WS_QWS’ was not declared in this scope
   return ((int*)(&Q_WS_QWS))[argc];
                   ^
CMakeFiles/cmTryCompileExec3535252529.dir/build.make:57: recipe for target 'CMakeFiles/cmTryCompileExec3535252529.dir/CheckSymbolExists.cxx.o' failed
make[1]: Leaving directory '/media/pjakubow/Data/Documents/Automatyka i Robotyka/II stopien/Semestr I/Optimization Theory/NSGA/libraries/mathgl-2.3.2/CMakeFiles/CMakeTmp'
make[1]: *** [CMakeFiles/cmTryCompileExec3535252529.dir/CheckSymbolExists.cxx.o] Error 1
Makefile:118: recipe for target 'cmTryCompileExec3535252529/fast' failed
make: *** [cmTryCompileExec3535252529/fast] Error 2

File /media/pjakubow/Data/Documents/Automatyka i Robotyka/II stopien/Semestr I/Optimization Theory/NSGA/libraries/mathgl-2.3.2/CMakeFiles/CMakeTmp/CheckSymbolExists.cxx:
/* */
#include <QtCore/qglobal.h>

int main(int argc, char** argv)
{
  (void)argv;
#ifndef Q_WS_QWS
  return ((int*)(&Q_WS_QWS))[argc];
#else
  (void)argc;
  return 0;
#endif
}

Determining if the Q_WS_MAC exist failed with the following output:
Change Dir: /media/pjakubow/Data/Documents/Automatyka i Robotyka/II stopien/Semestr I/Optimization Theory/NSGA/libraries/mathgl-2.3.2/CMakeFiles/CMakeTmp

Run Build Command:"/usr/bin/make" "cmTryCompileExec1094515812/fast"
/usr/bin/make -f CMakeFiles/cmTryCompileExec1094515812.dir/build.make CMakeFiles/cmTryCompileExec1094515812.dir/build
make[1]: Entering directory '/media/pjakubow/Data/Documents/Automatyka i Robotyka/II stopien/Semestr I/Optimization Theory/NSGA/libraries/mathgl-2.3.2/CMakeFiles/CMakeTmp'
/usr/bin/cmake -E cmake_progress_report "/media/pjakubow/Data/Documents/Automatyka i Robotyka/II stopien/Semestr I/Optimization Theory/NSGA/libraries/mathgl-2.3.2/CMakeFiles/CMakeTmp/CMakeFiles" 1
Building CXX object CMakeFiles/cmTryCompileExec1094515812.dir/CheckSymbolExists.cxx.o
/usr/bin/c++    -fopenmp -fvisibility=hidden -fvisibility-inlines-hidden -fvisibility=hidden -fvisibility-inlines-hidden  -I/usr/include/qt4    -o CMakeFiles/cmTryCompileExec1094515812.dir/CheckSymbolExists.cxx.o -c "/media/pjakubow/Data/Documents/Automatyka i Robotyka/II stopien/Semestr I/Optimization Theory/NSGA/libraries/mathgl-2.3.2/CMakeFiles/CMakeTmp/CheckSymbolExists.cxx"
/media/pjakubow/Data/Documents/Automatyka i Robotyka/II stopien/Semestr I/Optimization Theory/NSGA/libraries/mathgl-2.3.2/CMakeFiles/CMakeTmp/CheckSymbolExists.cxx: In function ‘int main(int, char**)’:
/media/pjakubow/Data/Documents/Automatyka i Robotyka/II stopien/Semestr I/Optimization Theory/NSGA/libraries/mathgl-2.3.2/CMakeFiles/CMakeTmp/CheckSymbolExists.cxx:8:19: error: ‘Q_WS_MAC’ was not declared in this scope
   return ((int*)(&Q_WS_MAC))[argc];
                   ^
CMakeFiles/cmTryCompileExec1094515812.dir/build.make:57: recipe for target 'CMakeFiles/cmTryCompileExec1094515812.dir/CheckSymbolExists.cxx.o' failed
make[1]: Leaving directory '/media/pjakubow/Data/Documents/Automatyka i Robotyka/II stopien/Semestr I/Optimization Theory/NSGA/libraries/mathgl-2.3.2/CMakeFiles/CMakeTmp'
make[1]: *** [CMakeFiles/cmTryCompileExec1094515812.dir/CheckSymbolExists.cxx.o] Error 1
Makefile:118: recipe for target 'cmTryCompileExec1094515812/fast' failed
make: *** [cmTryCompileExec1094515812/fast] Error 2

File /media/pjakubow/Data/Documents/Automatyka i Robotyka/II stopien/Semestr I/Optimization Theory/NSGA/libraries/mathgl-2.3.2/CMakeFiles/CMakeTmp/CheckSymbolExists.cxx:
/* */
#include <QtCore/qglobal.h>

int main(int argc, char** argv)
{
  (void)argv;
#ifndef Q_WS_MAC
  return ((int*)(&Q_WS_MAC))[argc];
#else
  (void)argc;
  return 0;
#endif
}

